#
# There is insufficient memory for the Java Runtime Environment to continue.
# Native memory allocation (malloc) failed to allocate 1998736 bytes for Chunk::new
# Possible reasons:
#   The system is out of physical RAM or swap space
#   The process is running with CompressedOops enabled, and the Java Heap may be blocking the growth of the native heap
# Possible solutions:
#   Reduce memory load on the system
#   Increase physical memory or swap space
#   Check if swap backing store is full
#   Decrease Java heap size (-Xmx/-Xms)
#   Decrease number of Java threads
#   Decrease Java thread stack sizes (-Xss)
#   Set larger code cache with -XX:ReservedCodeCacheSize=
#   JVM is running with Unscaled Compressed Oops mode in which the Java heap is
#     placed in the first 4GB address space. The Java Heap base address is the
#     maximum limit for the native heap growth. Please use -XX:HeapBaseMinAddress
#     to set the Java Heap base and to place the Java Heap above 4GB virtual address.
# This output file may be truncated or incomplete.
#
#  Out of Memory Error (./open/src/hotspot/share/memory/arena.cpp:197), pid=8672, tid=1464
#
# JRE version: Java(TM) SE Runtime Environment 18.9 (11.0.16.1+1) (build 11.0.16.1+1-LTS-1)
# Java VM: Java HotSpot(TM) 64-Bit Server VM 18.9 (11.0.16.1+1-LTS-1, mixed mode, tiered, compressed oops, g1 gc, windows-amd64)
# No core dump will be written. Minidumps are not enabled by default on client versions of Windows
#

---------------  S U M M A R Y ------------

Command Line: org.jetbrains.kotlin.cli.jvm.K2JVMCompiler @D:\Workspace\JustDeliveryy\node_modules\react-native-screens\android\build\20230703_7942166377065994603.compiler.options

Host: Intel(R) Core(TM) i7-5500U CPU @ 2.40GHz, 4 cores, 7G,  Windows 10 , 64 bit Build 19041 (10.0.19041.3031)
Time: Mon Jul  3 10:08:01 2023 SE Asia Standard Time elapsed time: 50.130789 seconds (0d 0h 0m 50s)

---------------  T H R E A D  ---------------

Current thread (0x000001eb7f196800):  JavaThread "C2 CompilerThread0" daemon [_thread_in_native, id=1464, stack(0x0000003cbbd00000,0x0000003cbbe00000)]


Current CompileTask:
C2:  50130 4391       4       org.jetbrains.org.objectweb.asm.ClassReader::readMethod (1061 bytes)

Stack: [0x0000003cbbd00000,0x0000003cbbe00000]
Native frames: (J=compiled Java code, j=interpreted, Vv=VM code, C=native code)
V  [jvm.dll+0x62a3da]
V  [jvm.dll+0x76407f]
V  [jvm.dll+0x765729]
V  [jvm.dll+0x765db3]
V  [jvm.dll+0x23dc18]
V  [jvm.dll+0xb2a1c]
V  [jvm.dll+0xb2fdc]
V  [jvm.dll+0x341497]
V  [jvm.dll+0x30ee03]
V  [jvm.dll+0x30e14a]
V  [jvm.dll+0x1f8685]
V  [jvm.dll+0x1f786d]
V  [jvm.dll+0x177c81]
V  [jvm.dll+0x207186]
V  [jvm.dll+0x20531b]
V  [jvm.dll+0x729f60]
V  [jvm.dll+0x722b34]
V  [jvm.dll+0x629276]
C  [ucrtbase.dll+0x21bb2]
C  [KERNEL32.DLL+0x17614]
C  [ntdll.dll+0x526f1]


---------------  P R O C E S S  ---------------

Threads class SMR info:
_java_thread_list=0x000001eb1cc1f300, length=10, elements={
0x000001eb7a02e800, 0x000001eb7f173000, 0x000001eb7f174800, 0x000001eb7f18e800,
0x000001eb7f190800, 0x000001eb7f191800, 0x000001eb7f196800, 0x000001eb7fb42000,
0x000001eb7fb47800, 0x000001eb7fc42800
}

Java Threads: ( => current thread )
  0x000001eb7a02e800 JavaThread "main" [_thread_in_Java, id=12420, stack(0x0000003cbb000000,0x0000003cbb100000)]
  0x000001eb7f173000 JavaThread "Reference Handler" daemon [_thread_blocked, id=11280, stack(0x0000003cbb800000,0x0000003cbb900000)]
  0x000001eb7f174800 JavaThread "Finalizer" daemon [_thread_blocked, id=1480, stack(0x0000003cbb900000,0x0000003cbba00000)]
  0x000001eb7f18e800 JavaThread "Signal Dispatcher" daemon [_thread_blocked, id=1800, stack(0x0000003cbba00000,0x0000003cbbb00000)]
  0x000001eb7f190800 JavaThread "Attach Listener" daemon [_thread_blocked, id=7892, stack(0x0000003cbbb00000,0x0000003cbbc00000)]
  0x000001eb7f191800 JavaThread "Service Thread" daemon [_thread_blocked, id=12252, stack(0x0000003cbbc00000,0x0000003cbbd00000)]
=>0x000001eb7f196800 JavaThread "C2 CompilerThread0" daemon [_thread_in_native, id=1464, stack(0x0000003cbbd00000,0x0000003cbbe00000)]
  0x000001eb7fb42000 JavaThread "C1 CompilerThread0" daemon [_thread_blocked, id=11516, stack(0x0000003cbbe00000,0x0000003cbbf00000)]
  0x000001eb7fb47800 JavaThread "Sweeper thread" daemon [_thread_blocked, id=9196, stack(0x0000003cbbf00000,0x0000003cbc000000)]
  0x000001eb7fc42800 JavaThread "Common-Cleaner" daemon [_thread_blocked, id=1332, stack(0x0000003cbc100000,0x0000003cbc200000)]

Other Threads:
  0x000001eb7f150000 VMThread "VM Thread" [stack: 0x0000003cbb700000,0x0000003cbb800000] [id=9212]
  0x000001eb7fc3d800 WatcherThread [stack: 0x0000003cbc000000,0x0000003cbc100000] [id=12992]
  0x000001eb7a044000 GCTaskThread "GC Thread#0" [stack: 0x0000003cbb200000,0x0000003cbb300000] [id=8500]
  0x000001eb18726000 GCTaskThread "GC Thread#1" [stack: 0x0000003cbc200000,0x0000003cbc300000] [id=664]
  0x000001eb1872e800 GCTaskThread "GC Thread#2" [stack: 0x0000003cbc300000,0x0000003cbc400000] [id=12708]
  0x000001eb7a073000 ConcurrentGCThread "G1 Main Marker" [stack: 0x0000003cbb300000,0x0000003cbb400000] [id=11216]
  0x000001eb7a074800 ConcurrentGCThread "G1 Conc#0" [stack: 0x0000003cbb400000,0x0000003cbb500000] [id=11644]
  0x000001eb7a104000 ConcurrentGCThread "G1 Refine#0" [stack: 0x0000003cbb500000,0x0000003cbb600000] [id=6612]
  0x000001eb7a105000 ConcurrentGCThread "G1 Young RemSet Sampling" [stack: 0x0000003cbb600000,0x0000003cbb700000] [id=11040]

Threads with active compile tasks:
C2 CompilerThread0    50175 4391       4       org.jetbrains.org.objectweb.asm.ClassReader::readMethod (1061 bytes)

VM state:not at safepoint (normal execution)

VM Mutex/Monitor currently owned by a thread: None

Heap address: 0x0000000081400000, size: 2028 MB, Compressed Oops mode: 32-bit
Narrow klass base: 0x0000000000000000, Narrow klass shift: 3
Compressed class space size: 1073741824 Address: 0x0000000100000000

Heap:
 garbage-first heap   total 131072K, used 63341K [0x0000000081400000, 0x0000000100000000)
  region size 1024K, 40 young (40960K), 5 survivors (5120K)
 Metaspace       used 49157K, capacity 49660K, committed 49872K, reserved 1093632K
  class space    used 5764K, capacity 5995K, committed 6016K, reserved 1048576K
Heap Regions: E=young(eden), S=young(survivor), O=old, HS=humongous(starts), HC=humongous(continues), CS=collection set, F=free, A=archive, TAMS=top-at-mark-start (previous, next)
|   0|0x0000000081400000, 0x0000000081500000, 0x0000000081500000|100%|HS|  |TAMS 0x0000000081500000, 0x0000000081400000| Complete 
|   1|0x0000000081500000, 0x0000000081600000, 0x0000000081600000|100%|HC|  |TAMS 0x0000000081600000, 0x0000000081500000| Complete 
|   2|0x0000000081600000, 0x0000000081700000, 0x0000000081700000|100%|HC|  |TAMS 0x0000000081700000, 0x0000000081600000| Complete 
|   3|0x0000000081700000, 0x0000000081800000, 0x0000000081800000|100%| O|  |TAMS 0x0000000081800000, 0x0000000081700000| Untracked 
|   4|0x0000000081800000, 0x0000000081900000, 0x0000000081900000|100%| O|  |TAMS 0x0000000081900000, 0x0000000081800000| Untracked 
|   5|0x0000000081900000, 0x0000000081a00000, 0x0000000081a00000|100%| O|  |TAMS 0x0000000081a00000, 0x0000000081900000| Untracked 
|   6|0x0000000081a00000, 0x0000000081b00000, 0x0000000081b00000|100%|HS|  |TAMS 0x0000000081b00000, 0x0000000081a00000| Complete 
|   7|0x0000000081b00000, 0x0000000081c00000, 0x0000000081c00000|100%|HC|  |TAMS 0x0000000081c00000, 0x0000000081b00000| Complete 
|   8|0x0000000081c00000, 0x0000000081d00000, 0x0000000081d00000|100%|HC|  |TAMS 0x0000000081d00000, 0x0000000081c00000| Complete 
|   9|0x0000000081d00000, 0x0000000081e00000, 0x0000000081e00000|100%| O|  |TAMS 0x0000000081e00000, 0x0000000081d00000| Untracked 
|  10|0x0000000081e00000, 0x0000000081f00000, 0x0000000081f00000|100%| O|  |TAMS 0x0000000081f00000, 0x0000000081e00000| Untracked 
|  11|0x0000000081f00000, 0x0000000082000000, 0x0000000082000000|100%| O|  |TAMS 0x0000000081f00000, 0x0000000081f00000| Untracked 
|  12|0x0000000082000000, 0x0000000082100000, 0x0000000082100000|100%| O|  |TAMS 0x0000000082000000, 0x0000000082000000| Untracked 
|  13|0x0000000082100000, 0x0000000082200000, 0x0000000082200000|100%| O|  |TAMS 0x0000000082200000, 0x0000000082100000| Untracked 
|  14|0x0000000082200000, 0x0000000082300000, 0x0000000082300000|100%| O|  |TAMS 0x0000000082300000, 0x0000000082200000| Untracked 
|  15|0x0000000082300000, 0x0000000082400000, 0x0000000082400000|100%| O|  |TAMS 0x0000000082400000, 0x0000000082300000| Untracked 
|  16|0x0000000082400000, 0x0000000082500000, 0x0000000082500000|100%| O|  |TAMS 0x00000000824f8400, 0x0000000082400000| Untracked 
|  17|0x0000000082500000, 0x0000000082600000, 0x0000000082600000|100%| O|  |TAMS 0x0000000082500000, 0x0000000082500000| Untracked 
|  18|0x0000000082600000, 0x0000000082700000, 0x0000000082700000|100%| O|  |TAMS 0x0000000082600000, 0x0000000082600000| Untracked 
|  19|0x0000000082700000, 0x0000000082800000, 0x0000000082800000|100%| O|  |TAMS 0x0000000082700000, 0x0000000082700000| Untracked 
|  20|0x0000000082800000, 0x0000000082900000, 0x0000000082900000|100%|HS|  |TAMS 0x0000000082800000, 0x0000000082800000| Complete 
|  21|0x0000000082900000, 0x0000000082a00000, 0x0000000082a00000|100%|HC|  |TAMS 0x0000000082900000, 0x0000000082900000| Complete 
|  22|0x0000000082a00000, 0x0000000082b00000, 0x0000000082b00000|100%|HS|  |TAMS 0x0000000082a00000, 0x0000000082a00000| Complete 
|  23|0x0000000082b00000, 0x0000000082b00000, 0x0000000082c00000|  0%| F|  |TAMS 0x0000000082b00000, 0x0000000082b00000| Untracked 
|  24|0x0000000082c00000, 0x0000000082c00000, 0x0000000082d00000|  0%| F|  |TAMS 0x0000000082c00000, 0x0000000082c00000| Untracked 
|  25|0x0000000082d00000, 0x0000000082d00000, 0x0000000082e00000|  0%| F|  |TAMS 0x0000000082d00000, 0x0000000082d00000| Untracked 
|  26|0x0000000082e00000, 0x0000000082e00000, 0x0000000082f00000|  0%| F|  |TAMS 0x0000000082e00000, 0x0000000082e00000| Untracked 
|  27|0x0000000082f00000, 0x0000000082f00000, 0x0000000083000000|  0%| F|  |TAMS 0x0000000082f00000, 0x0000000082f00000| Untracked 
|  28|0x0000000083000000, 0x0000000083000000, 0x0000000083100000|  0%| F|  |TAMS 0x0000000083000000, 0x0000000083000000| Untracked 
|  29|0x0000000083100000, 0x0000000083100000, 0x0000000083200000|  0%| F|  |TAMS 0x0000000083100000, 0x0000000083100000| Untracked 
|  30|0x0000000083200000, 0x0000000083200000, 0x0000000083300000|  0%| F|  |TAMS 0x0000000083200000, 0x0000000083200000| Untracked 
|  31|0x0000000083300000, 0x0000000083300000, 0x0000000083400000|  0%| F|  |TAMS 0x0000000083300000, 0x0000000083300000| Untracked 
|  32|0x0000000083400000, 0x0000000083400000, 0x0000000083500000|  0%| F|  |TAMS 0x0000000083400000, 0x0000000083400000| Untracked 
|  33|0x0000000083500000, 0x0000000083500000, 0x0000000083600000|  0%| F|  |TAMS 0x0000000083500000, 0x0000000083500000| Untracked 
|  34|0x0000000083600000, 0x0000000083600000, 0x0000000083700000|  0%| F|  |TAMS 0x0000000083600000, 0x0000000083600000| Untracked 
|  35|0x0000000083700000, 0x0000000083700000, 0x0000000083800000|  0%| F|  |TAMS 0x0000000083700000, 0x0000000083700000| Untracked 
|  36|0x0000000083800000, 0x0000000083800000, 0x0000000083900000|  0%| F|  |TAMS 0x0000000083800000, 0x0000000083800000| Untracked 
|  37|0x0000000083900000, 0x0000000083900000, 0x0000000083a00000|  0%| F|  |TAMS 0x0000000083900000, 0x0000000083900000| Untracked 
|  38|0x0000000083a00000, 0x0000000083a00000, 0x0000000083b00000|  0%| F|  |TAMS 0x0000000083a00000, 0x0000000083a00000| Untracked 
|  39|0x0000000083b00000, 0x0000000083b00000, 0x0000000083c00000|  0%| F|  |TAMS 0x0000000083b00000, 0x0000000083b00000| Untracked 
|  40|0x0000000083c00000, 0x0000000083c00000, 0x0000000083d00000|  0%| F|  |TAMS 0x0000000083c00000, 0x0000000083c00000| Untracked 
|  41|0x0000000083d00000, 0x0000000083d00000, 0x0000000083e00000|  0%| F|  |TAMS 0x0000000083d00000, 0x0000000083d00000| Untracked 
|  42|0x0000000083e00000, 0x0000000083e00000, 0x0000000083f00000|  0%| F|  |TAMS 0x0000000083e00000, 0x0000000083e00000| Untracked 
|  43|0x0000000083f00000, 0x0000000083f00000, 0x0000000084000000|  0%| F|  |TAMS 0x0000000083f00000, 0x0000000083f00000| Untracked 
|  44|0x0000000084000000, 0x0000000084000000, 0x0000000084100000|  0%| F|  |TAMS 0x0000000084000000, 0x0000000084000000| Untracked 
|  45|0x0000000084100000, 0x0000000084100000, 0x0000000084200000|  0%| F|  |TAMS 0x0000000084100000, 0x0000000084100000| Untracked 
|  46|0x0000000084200000, 0x0000000084200000, 0x0000000084300000|  0%| F|  |TAMS 0x0000000084200000, 0x0000000084200000| Untracked 
|  47|0x0000000084300000, 0x0000000084300000, 0x0000000084400000|  0%| F|  |TAMS 0x0000000084300000, 0x0000000084300000| Untracked 
|  48|0x0000000084400000, 0x0000000084400000, 0x0000000084500000|  0%| F|  |TAMS 0x0000000084400000, 0x0000000084400000| Untracked 
|  49|0x0000000084500000, 0x0000000084500000, 0x0000000084600000|  0%| F|  |TAMS 0x0000000084500000, 0x0000000084500000| Untracked 
|  50|0x0000000084600000, 0x0000000084600000, 0x0000000084700000|  0%| F|  |TAMS 0x0000000084600000, 0x0000000084600000| Untracked 
|  51|0x0000000084700000, 0x0000000084700000, 0x0000000084800000|  0%| F|  |TAMS 0x0000000084700000, 0x0000000084700000| Untracked 
|  52|0x0000000084800000, 0x0000000084800000, 0x0000000084900000|  0%| F|  |TAMS 0x0000000084800000, 0x0000000084800000| Untracked 
|  53|0x0000000084900000, 0x0000000084900000, 0x0000000084a00000|  0%| F|  |TAMS 0x0000000084900000, 0x0000000084900000| Untracked 
|  54|0x0000000084a00000, 0x0000000084a00000, 0x0000000084b00000|  0%| F|  |TAMS 0x0000000084a00000, 0x0000000084a00000| Untracked 
|  55|0x0000000084b00000, 0x0000000084b00000, 0x0000000084c00000|  0%| F|  |TAMS 0x0000000084b00000, 0x0000000084b00000| Untracked 
|  56|0x0000000084c00000, 0x0000000084c00000, 0x0000000084d00000|  0%| F|  |TAMS 0x0000000084c00000, 0x0000000084c00000| Untracked 
|  57|0x0000000084d00000, 0x0000000084d00000, 0x0000000084e00000|  0%| F|  |TAMS 0x0000000084d00000, 0x0000000084d00000| Untracked 
|  58|0x0000000084e00000, 0x0000000084e00000, 0x0000000084f00000|  0%| F|  |TAMS 0x0000000084e00000, 0x0000000084e00000| Untracked 
|  59|0x0000000084f00000, 0x0000000084f00000, 0x0000000085000000|  0%| F|  |TAMS 0x0000000084f00000, 0x0000000084f00000| Untracked 
|  60|0x0000000085000000, 0x0000000085000000, 0x0000000085100000|  0%| F|  |TAMS 0x0000000085000000, 0x0000000085000000| Untracked 
|  61|0x0000000085100000, 0x0000000085100000, 0x0000000085200000|  0%| F|  |TAMS 0x0000000085100000, 0x0000000085100000| Untracked 
|  62|0x0000000085200000, 0x0000000085200000, 0x0000000085300000|  0%| F|  |TAMS 0x0000000085200000, 0x0000000085200000| Untracked 
|  63|0x0000000085300000, 0x0000000085300000, 0x0000000085400000|  0%| F|  |TAMS 0x0000000085300000, 0x0000000085300000| Untracked 
|  64|0x0000000085400000, 0x0000000085400000, 0x0000000085500000|  0%| F|  |TAMS 0x0000000085400000, 0x0000000085400000| Untracked 
|  65|0x0000000085500000, 0x0000000085500000, 0x0000000085600000|  0%| F|  |TAMS 0x0000000085500000, 0x0000000085500000| Untracked 
|  66|0x0000000085600000, 0x0000000085600000, 0x0000000085700000|  0%| F|  |TAMS 0x0000000085600000, 0x0000000085600000| Untracked 
|  67|0x0000000085700000, 0x0000000085700000, 0x0000000085800000|  0%| F|  |TAMS 0x0000000085700000, 0x0000000085700000| Untracked 
|  68|0x0000000085800000, 0x0000000085800000, 0x0000000085900000|  0%| F|  |TAMS 0x0000000085800000, 0x0000000085800000| Untracked 
|  69|0x0000000085900000, 0x0000000085900000, 0x0000000085a00000|  0%| F|  |TAMS 0x0000000085900000, 0x0000000085900000| Untracked 
|  70|0x0000000085a00000, 0x0000000085a00000, 0x0000000085b00000|  0%| F|  |TAMS 0x0000000085a00000, 0x0000000085a00000| Untracked 
|  71|0x0000000085b00000, 0x0000000085b00000, 0x0000000085c00000|  0%| F|  |TAMS 0x0000000085b00000, 0x0000000085b00000| Untracked 
|  72|0x0000000085c00000, 0x0000000085c00000, 0x0000000085d00000|  0%| F|  |TAMS 0x0000000085c00000, 0x0000000085c00000| Untracked 
|  73|0x0000000085d00000, 0x0000000085d00000, 0x0000000085e00000|  0%| F|  |TAMS 0x0000000085d00000, 0x0000000085d00000| Untracked 
|  74|0x0000000085e00000, 0x0000000085e00000, 0x0000000085f00000|  0%| F|  |TAMS 0x0000000085e00000, 0x0000000085e00000| Untracked 
|  75|0x0000000085f00000, 0x0000000085f00000, 0x0000000086000000|  0%| F|  |TAMS 0x0000000085f00000, 0x0000000085f00000| Untracked 
|  76|0x0000000086000000, 0x00000000860db408, 0x0000000086100000| 85%| S|CS|TAMS 0x0000000086000000, 0x0000000086000000| Complete 
|  77|0x0000000086100000, 0x0000000086200000, 0x0000000086200000|100%| S|CS|TAMS 0x0000000086100000, 0x0000000086100000| Complete 
|  78|0x0000000086200000, 0x0000000086300000, 0x0000000086300000|100%| S|CS|TAMS 0x0000000086200000, 0x0000000086200000| Complete 
|  79|0x0000000086300000, 0x0000000086400000, 0x0000000086400000|100%| S|CS|TAMS 0x0000000086300000, 0x0000000086300000| Complete 
|  80|0x0000000086400000, 0x0000000086500000, 0x0000000086500000|100%| S|CS|TAMS 0x0000000086400000, 0x0000000086400000| Complete 
|  81|0x0000000086500000, 0x0000000086500000, 0x0000000086600000|  0%| F|  |TAMS 0x0000000086500000, 0x0000000086500000| Untracked 
|  82|0x0000000086600000, 0x0000000086600000, 0x0000000086700000|  0%| F|  |TAMS 0x0000000086600000, 0x0000000086600000| Untracked 
|  83|0x0000000086700000, 0x0000000086700000, 0x0000000086800000|  0%| F|  |TAMS 0x0000000086700000, 0x0000000086700000| Untracked 
|  84|0x0000000086800000, 0x0000000086800000, 0x0000000086900000|  0%| F|  |TAMS 0x0000000086800000, 0x0000000086800000| Untracked 
|  85|0x0000000086900000, 0x0000000086900000, 0x0000000086a00000|  0%| F|  |TAMS 0x0000000086900000, 0x0000000086900000| Untracked 
|  86|0x0000000086a00000, 0x0000000086a00000, 0x0000000086b00000|  0%| F|  |TAMS 0x0000000086a00000, 0x0000000086a00000| Untracked 
|  87|0x0000000086b00000, 0x0000000086b00000, 0x0000000086c00000|  0%| F|  |TAMS 0x0000000086b00000, 0x0000000086b00000| Untracked 
|  88|0x0000000086c00000, 0x0000000086c00000, 0x0000000086d00000|  0%| F|  |TAMS 0x0000000086c00000, 0x0000000086c00000| Untracked 
|  89|0x0000000086d00000, 0x0000000086d00000, 0x0000000086e00000|  0%| F|  |TAMS 0x0000000086d00000, 0x0000000086d00000| Untracked 
|  90|0x0000000086e00000, 0x0000000086e00000, 0x0000000086f00000|  0%| F|  |TAMS 0x0000000086e00000, 0x0000000086e00000| Untracked 
|  91|0x0000000086f00000, 0x0000000086f00000, 0x0000000087000000|  0%| F|  |TAMS 0x0000000086f00000, 0x0000000086f00000| Untracked 
|  92|0x0000000087000000, 0x0000000087000000, 0x0000000087100000|  0%| F|  |TAMS 0x0000000087000000, 0x0000000087000000| Untracked 
|  93|0x0000000087100000, 0x0000000087200000, 0x0000000087200000|100%| E|  |TAMS 0x0000000087100000, 0x0000000087100000| Complete 
|  94|0x0000000087200000, 0x0000000087300000, 0x0000000087300000|100%| E|CS|TAMS 0x0000000087200000, 0x0000000087200000| Complete 
|  95|0x0000000087300000, 0x0000000087400000, 0x0000000087400000|100%| E|CS|TAMS 0x0000000087300000, 0x0000000087300000| Complete 
|  96|0x0000000087400000, 0x0000000087500000, 0x0000000087500000|100%| E|CS|TAMS 0x0000000087400000, 0x0000000087400000| Complete 
|  97|0x0000000087500000, 0x0000000087600000, 0x0000000087600000|100%| E|CS|TAMS 0x0000000087500000, 0x0000000087500000| Complete 
|  98|0x0000000087600000, 0x0000000087700000, 0x0000000087700000|100%| E|CS|TAMS 0x0000000087600000, 0x0000000087600000| Complete 
|  99|0x0000000087700000, 0x0000000087800000, 0x0000000087800000|100%| E|CS|TAMS 0x0000000087700000, 0x0000000087700000| Complete 
| 100|0x0000000087800000, 0x0000000087900000, 0x0000000087900000|100%| E|CS|TAMS 0x0000000087800000, 0x0000000087800000| Complete 
| 101|0x0000000087900000, 0x0000000087a00000, 0x0000000087a00000|100%| E|CS|TAMS 0x0000000087900000, 0x0000000087900000| Complete 
| 102|0x0000000087a00000, 0x0000000087b00000, 0x0000000087b00000|100%| E|CS|TAMS 0x0000000087a00000, 0x0000000087a00000| Complete 
| 103|0x0000000087b00000, 0x0000000087c00000, 0x0000000087c00000|100%| E|CS|TAMS 0x0000000087b00000, 0x0000000087b00000| Complete 
| 104|0x0000000087c00000, 0x0000000087d00000, 0x0000000087d00000|100%| E|CS|TAMS 0x0000000087c00000, 0x0000000087c00000| Complete 
| 105|0x0000000087d00000, 0x0000000087e00000, 0x0000000087e00000|100%| E|CS|TAMS 0x0000000087d00000, 0x0000000087d00000| Complete 
| 106|0x0000000087e00000, 0x0000000087f00000, 0x0000000087f00000|100%| E|CS|TAMS 0x0000000087e00000, 0x0000000087e00000| Complete 
| 107|0x0000000087f00000, 0x0000000088000000, 0x0000000088000000|100%| E|CS|TAMS 0x0000000087f00000, 0x0000000087f00000| Complete 
| 108|0x0000000088000000, 0x0000000088100000, 0x0000000088100000|100%| E|CS|TAMS 0x0000000088000000, 0x0000000088000000| Complete 
| 109|0x0000000088100000, 0x0000000088200000, 0x0000000088200000|100%| E|CS|TAMS 0x0000000088100000, 0x0000000088100000| Complete 
| 110|0x0000000088200000, 0x0000000088300000, 0x0000000088300000|100%| E|CS|TAMS 0x0000000088200000, 0x0000000088200000| Complete 
| 111|0x0000000088300000, 0x0000000088400000, 0x0000000088400000|100%| E|CS|TAMS 0x0000000088300000, 0x0000000088300000| Complete 
| 112|0x0000000088400000, 0x0000000088500000, 0x0000000088500000|100%| E|CS|TAMS 0x0000000088400000, 0x0000000088400000| Complete 
| 113|0x0000000088500000, 0x0000000088600000, 0x0000000088600000|100%| E|CS|TAMS 0x0000000088500000, 0x0000000088500000| Complete 
| 114|0x0000000088600000, 0x0000000088700000, 0x0000000088700000|100%| E|CS|TAMS 0x0000000088600000, 0x0000000088600000| Complete 
| 115|0x0000000088700000, 0x0000000088800000, 0x0000000088800000|100%| E|CS|TAMS 0x0000000088700000, 0x0000000088700000| Complete 
| 116|0x0000000088800000, 0x0000000088900000, 0x0000000088900000|100%| E|CS|TAMS 0x0000000088800000, 0x0000000088800000| Complete 
| 117|0x0000000088900000, 0x0000000088a00000, 0x0000000088a00000|100%| E|CS|TAMS 0x0000000088900000, 0x0000000088900000| Complete 
| 118|0x0000000088a00000, 0x0000000088b00000, 0x0000000088b00000|100%| E|CS|TAMS 0x0000000088a00000, 0x0000000088a00000| Complete 
| 119|0x0000000088b00000, 0x0000000088c00000, 0x0000000088c00000|100%| E|CS|TAMS 0x0000000088b00000, 0x0000000088b00000| Complete 
| 120|0x0000000088c00000, 0x0000000088d00000, 0x0000000088d00000|100%| E|CS|TAMS 0x0000000088c00000, 0x0000000088c00000| Complete 
| 121|0x0000000088d00000, 0x0000000088e00000, 0x0000000088e00000|100%| E|CS|TAMS 0x0000000088d00000, 0x0000000088d00000| Complete 
| 122|0x0000000088e00000, 0x0000000088f00000, 0x0000000088f00000|100%| E|CS|TAMS 0x0000000088e00000, 0x0000000088e00000| Complete 
| 123|0x0000000088f00000, 0x0000000089000000, 0x0000000089000000|100%| E|CS|TAMS 0x0000000088f00000, 0x0000000088f00000| Complete 
| 124|0x0000000089000000, 0x0000000089100000, 0x0000000089100000|100%| E|CS|TAMS 0x0000000089000000, 0x0000000089000000| Complete 
| 125|0x0000000089100000, 0x0000000089200000, 0x0000000089200000|100%| E|CS|TAMS 0x0000000089100000, 0x0000000089100000| Complete 
| 126|0x0000000089200000, 0x0000000089300000, 0x0000000089300000|100%| E|CS|TAMS 0x0000000089200000, 0x0000000089200000| Complete 
| 127|0x0000000089300000, 0x0000000089400000, 0x0000000089400000|100%| E|CS|TAMS 0x0000000089300000, 0x0000000089300000| Complete 

Card table byte_map: [0x000001eb7a510000,0x000001eb7a910000] _byte_map_base: 0x000001eb7a106000

Marking Bits (Prev, Next): (CMBitMap*) 0x000001eb7a06a2f8, (CMBitMap*) 0x000001eb7a06a330
 Prev Bits: [0x000001eb7ad10000, 0x000001eb7ccc0000)
 Next Bits: [0x000001eb7ccc0000, 0x000001eb7ec70000)

Polling page: 0x000001eb79810000

Metaspace:

Usage:
  Non-class:     42.64 MB capacity,    42.38 MB (>99%) used,   199.50 KB ( <1%) free+waste,    72.81 KB ( <1%) overhead. 
      Class:      5.85 MB capacity,     5.63 MB ( 96%) used,   197.88 KB (  3%) free+waste,    32.25 KB ( <1%) overhead. 
       Both:     48.50 MB capacity,    48.01 MB ( 99%) used,   397.38 KB ( <1%) free+waste,   105.06 KB ( <1%) overhead. 

Virtual space:
  Non-class space:       44.00 MB reserved,      42.83 MB ( 97%) committed 
      Class space:        1.00 GB reserved,       5.88 MB ( <1%) committed 
             Both:        1.04 GB reserved,      48.70 MB (  5%) committed 

Chunk freelists:
   Non-Class:  0 bytes
       Class:  2.63 KB
        Both:  2.63 KB

CodeHeap 'non-profiled nmethods': size=120064Kb used=2227Kb max_used=2227Kb free=117836Kb
 bounds [0x000001eb0f090000, 0x000001eb0f300000, 0x000001eb165d0000]
CodeHeap 'profiled nmethods': size=120000Kb used=9947Kb max_used=9947Kb free=110052Kb
 bounds [0x000001eb07b60000, 0x000001eb08520000, 0x000001eb0f090000]
CodeHeap 'non-nmethods': size=5696Kb used=1199Kb max_used=1243Kb free=4496Kb
 bounds [0x000001eb075d0000, 0x000001eb07840000, 0x000001eb07b60000]
 total_blobs=4952 nmethods=4392 adapters=469
 compilation: enabled
              stopped_count=0, restarted_count=0
 full_count=0

Compilation events (10 events):
Event: 49.966 Thread 0x000001eb7fb42000 4398       3       org.jetbrains.kotlin.metadata.jvm.JvmProtoBuf$StringTableTypes$Record$1::parsePartialFrom (7 bytes)
Event: 49.966 Thread 0x000001eb7fb42000 nmethod 4398 0x000001eb08516110 code [0x000001eb085162c0, 0x000001eb08516528]
Event: 49.966 Thread 0x000001eb7fb42000 4399       3       org.jetbrains.kotlin.metadata.jvm.JvmProtoBuf$StringTableTypes$Record$1::parsePartialFrom (11 bytes)
Event: 49.967 Thread 0x000001eb7fb42000 nmethod 4399 0x000001eb08516690 code [0x000001eb08516840, 0x000001eb08516a48]
Event: 49.967 Thread 0x000001eb7fb42000 4400       3       org.jetbrains.kotlin.metadata.jvm.JvmProtoBuf$StringTableTypes$Record::<init> (7 bytes)
Event: 49.967 Thread 0x000001eb7fb42000 nmethod 4400 0x000001eb08516b90 code [0x000001eb08516d40, 0x000001eb08516e68]
Event: 49.967 Thread 0x000001eb7fb42000 4405       1       org.jetbrains.kotlin.metadata.jvm.JvmProtoBuf$JvmMethodSignature::getDesc (5 bytes)
Event: 49.967 Thread 0x000001eb7fb42000 nmethod 4405 0x000001eb0f2bc890 code [0x000001eb0f2bca20, 0x000001eb0f2bcad8]
Event: 49.967 Thread 0x000001eb7fb42000 4402       1       org.jetbrains.kotlin.load.kotlin.header.KotlinClassHeader::getMetadataVersion (5 bytes)
Event: 49.967 Thread 0x000001eb7fb42000 nmethod 4402 0x000001eb0f2bcb90 code [0x000001eb0f2bcd20, 0x000001eb0f2bcdd8]

GC Heap History (10 events):
Event: 10.890 GC heap before
{Heap before GC invocations=1 (full 0):
 garbage-first heap   total 131072K, used 26872K [0x0000000081400000, 0x0000000100000000)
  region size 1024K, 24 young (24576K), 2 survivors (2048K)
 Metaspace       used 14347K, capacity 14454K, committed 14592K, reserved 1062912K
  class space    used 1392K, capacity 1431K, committed 1536K, reserved 1048576K
}
Event: 10.898 GC heap after
{Heap after GC invocations=2 (full 0):
 garbage-first heap   total 131072K, used 7330K [0x0000000081400000, 0x0000000100000000)
  region size 1024K, 2 young (2048K), 2 survivors (2048K)
 Metaspace       used 14347K, capacity 14454K, committed 14592K, reserved 1062912K
  class space    used 1392K, capacity 1431K, committed 1536K, reserved 1048576K
}
Event: 13.221 GC heap before
{Heap before GC invocations=2 (full 0):
 garbage-first heap   total 131072K, used 30882K [0x0000000081400000, 0x0000000100000000)
  region size 1024K, 27 young (27648K), 2 survivors (2048K)
 Metaspace       used 20922K, capacity 21084K, committed 21296K, reserved 1069056K
  class space    used 2237K, capacity 2312K, committed 2432K, reserved 1048576K
}
Event: 13.234 GC heap after
{Heap after GC invocations=3 (full 0):
 garbage-first heap   total 131072K, used 9377K [0x0000000081400000, 0x0000000100000000)
  region size 1024K, 4 young (4096K), 4 survivors (4096K)
 Metaspace       used 20922K, capacity 21084K, committed 21296K, reserved 1069056K
  class space    used 2237K, capacity 2312K, committed 2432K, reserved 1048576K
}
Event: 19.253 GC heap before
{Heap before GC invocations=4 (full 0):
 garbage-first heap   total 131072K, used 44193K [0x0000000081400000, 0x0000000100000000)
  region size 1024K, 35 young (35840K), 4 survivors (4096K)
 Metaspace       used 29891K, capacity 30309K, committed 30640K, reserved 1077248K
  class space    used 3584K, capacity 3763K, committed 3840K, reserved 1048576K
}
Event: 19.267 GC heap after
{Heap after GC invocations=5 (full 0):
 garbage-first heap   total 131072K, used 15436K [0x0000000081400000, 0x0000000100000000)
  region size 1024K, 5 young (5120K), 5 survivors (5120K)
 Metaspace       used 29891K, capacity 30309K, committed 30640K, reserved 1077248K
  class space    used 3584K, capacity 3763K, committed 3840K, reserved 1048576K
}
Event: 31.103 GC heap before
{Heap before GC invocations=5 (full 0):
 garbage-first heap   total 131072K, used 49228K [0x0000000081400000, 0x0000000100000000)
  region size 1024K, 37 young (37888K), 5 survivors (5120K)
 Metaspace       used 35358K, capacity 35745K, committed 35920K, reserved 1081344K
  class space    used 4390K, capacity 4570K, committed 4608K, reserved 1048576K
}
Event: 31.121 GC heap after
{Heap after GC invocations=6 (full 0):
 garbage-first heap   total 131072K, used 20350K [0x0000000081400000, 0x0000000100000000)
  region size 1024K, 5 young (5120K), 5 survivors (5120K)
 Metaspace       used 35358K, capacity 35745K, committed 35920K, reserved 1081344K
  class space    used 4390K, capacity 4570K, committed 4608K, reserved 1048576K
}
Event: 37.941 GC heap before
{Heap before GC invocations=7 (full 0):
 garbage-first heap   total 131072K, used 63358K [0x0000000081400000, 0x0000000100000000)
  region size 1024K, 47 young (48128K), 5 survivors (5120K)
 Metaspace       used 43949K, capacity 44432K, committed 44752K, reserved 1089536K
  class space    used 5210K, capacity 5411K, committed 5504K, reserved 1048576K
}
Event: 37.960 GC heap after
{Heap after GC invocations=8 (full 0):
 garbage-first heap   total 131072K, used 25453K [0x0000000081400000, 0x0000000100000000)
  region size 1024K, 5 young (5120K), 5 survivors (5120K)
 Metaspace       used 43949K, capacity 44432K, committed 44752K, reserved 1089536K
  class space    used 5210K, capacity 5411K, committed 5504K, reserved 1048576K
}

Deoptimization events (10 events):
Event: 48.359 Thread 0x000001eb7a02e800 Uncommon trap: reason=class_check action=maybe_recompile pc=0x000001eb0f1e92ac method=org.jetbrains.kotlin.com.intellij.psi.impl.source.tree.SharedImplUtil.findFileElement(Lorg/jetbrains/kotlin/com/intellij/lang/ASTNode;)Lorg/jetbrains/kotlin/com/intellij
Event: 48.359 Thread 0x000001eb7a02e800 Uncommon trap: reason=unstable_if action=reinterpret pc=0x000001eb0f2a34bc method=org.jetbrains.kotlin.parsing.KotlinParserDefinition.createElement(Lorg/jetbrains/kotlin/com/intellij/lang/ASTNode;)Lorg/jetbrains/kotlin/com/intellij/psi/PsiElement; @ 25 c2
Event: 48.466 Thread 0x000001eb7a02e800 Uncommon trap: reason=unstable_if action=reinterpret pc=0x000001eb0f287e30 method=gnu.trove.TObjectHash.insertionIndex(Ljava/lang/Object;)I @ 65 c2
Event: 48.466 Thread 0x000001eb7a02e800 Uncommon trap: reason=class_check action=maybe_recompile pc=0x000001eb0f20546c method=org.jetbrains.kotlin.com.intellij.psi.impl.source.tree.TreeElement.rawRemoveUpToWithoutNotifications(Lorg/jetbrains/kotlin/com/intellij/psi/impl/source/tree/TreeElement;
Event: 48.819 Thread 0x000001eb7a02e800 Uncommon trap: reason=class_check action=maybe_recompile pc=0x000001eb0f20546c method=org.jetbrains.kotlin.com.intellij.psi.impl.source.tree.TreeElement.rawRemoveUpToWithoutNotifications(Lorg/jetbrains/kotlin/com/intellij/psi/impl/source/tree/TreeElement;
Event: 48.821 Thread 0x000001eb7a02e800 Uncommon trap: reason=unstable_if action=reinterpret pc=0x000001eb0f225258 method=org.jetbrains.kotlin.com.intellij.lang.ASTFactory.composite(Lorg/jetbrains/kotlin/com/intellij/psi/tree/IElementType;)Lorg/jetbrains/kotlin/com/intellij/psi/impl/source/tree
Event: 48.822 Thread 0x000001eb7a02e800 Uncommon trap: reason=class_check action=maybe_recompile pc=0x000001eb0f212728 method=org.jetbrains.kotlin.com.intellij.psi.impl.source.tree.CompositeElement.drillDown(Lorg/jetbrains/kotlin/com/intellij/psi/impl/source/tree/TreeElement;)Lorg/jetbrains/kot
Event: 48.822 Thread 0x000001eb7a02e800 Uncommon trap: reason=class_check action=maybe_recompile pc=0x000001eb0f20546c method=org.jetbrains.kotlin.com.intellij.psi.impl.source.tree.TreeElement.rawRemoveUpToWithoutNotifications(Lorg/jetbrains/kotlin/com/intellij/psi/impl/source/tree/TreeElement;
Event: 49.047 Thread 0x000001eb7a02e800 Uncommon trap: reason=class_check action=maybe_recompile pc=0x000001eb0f212728 method=org.jetbrains.kotlin.com.intellij.psi.impl.source.tree.CompositeElement.drillDown(Lorg/jetbrains/kotlin/com/intellij/psi/impl/source/tree/TreeElement;)Lorg/jetbrains/kot
Event: 49.049 Thread 0x000001eb7a02e800 Uncommon trap: reason=class_check action=maybe_recompile pc=0x000001eb0f212728 method=org.jetbrains.kotlin.com.intellij.psi.impl.source.tree.CompositeElement.drillDown(Lorg/jetbrains/kotlin/com/intellij/psi/impl/source/tree/TreeElement;)Lorg/jetbrains/kot

Classes redefined (0 events):
No events

Internal exceptions (10 events):
Event: 15.401 Thread 0x000001eb7a02e800 Exception <a 'sun/nio/fs/WindowsException'{0x000000008860e9a0}> (0x000000008860e9a0) thrown at [./open/src/hotspot/share/prims/jni.cpp, line 611]
Event: 15.405 Thread 0x000001eb7a02e800 Exception <a 'java/lang/NoSuchMethodError'{0x00000000886151b0}: java.lang.invoke.DirectMethodHandle$Holder.invokeStatic(Ljava/lang/Object;Ljava/lang/Object;Ljava/lang/Object;Ljava/lang/Object;)V> (0x00000000886151b0) thrown at [./open/src/hotspot/share/in
Event: 16.428 Thread 0x000001eb7a02e800 Exception <a 'java/lang/NoSuchMethodError'{0x00000000883f6158}: java.lang.invoke.DirectMethodHandle$Holder.invokeStaticInit(Ljava/lang/Object;Ljava/lang/Object;)V> (0x00000000883f6158) thrown at [./open/src/hotspot/share/interpreter/linkResolver.cpp, line
Event: 17.585 Thread 0x000001eb7a02e800 Exception <a 'java/lang/NoSuchMethodError'{0x0000000087e13b20}: java.lang.invoke.DirectMethodHandle$Holder.invokeVirtual(Ljava/lang/Object;Ljava/lang/Object;)V> (0x0000000087e13b20) thrown at [./open/src/hotspot/share/interpreter/linkResolver.cpp, line 77
Event: 17.601 Thread 0x000001eb7a02e800 Exception <a 'java/lang/NoSuchMethodError'{0x0000000087e91c28}: java.lang.invoke.DirectMethodHandle$Holder.invokeVirtual(Ljava/lang/Object;Ljava/lang/Object;)I> (0x0000000087e91c28) thrown at [./open/src/hotspot/share/interpreter/linkResolver.cpp, line 77
Event: 30.722 Thread 0x000001eb7a02e800 Exception <a 'java/lang/NoSuchMethodError'{0x0000000087acfeb8}: java.lang.invoke.DirectMethodHandle$Holder.invokeVirtual(Ljava/lang/Object;Ljava/lang/Object;Ljava/lang/Object;)Ljava/lang/Object;> (0x0000000087acfeb8) thrown at [./open/src/hotspot/share/in
Event: 35.664 Thread 0x000001eb7a02e800 Exception <a 'java/lang/NoSuchMethodError'{0x0000000086f121a8}: java.lang.invoke.Invokers$Holder.linkToTargetMethod(Ljava/lang/Object;ILjava/lang/Object;)Ljava/lang/Object;> (0x0000000086f121a8) thrown at [./open/src/hotspot/share/interpreter/linkResolver
Event: 37.839 Thread 0x000001eb7a02e800 Exception <a 'java/lang/NoSuchMethodError'{0x00000000866c5f68}: java.lang.invoke.DirectMethodHandle$Holder.invokeStatic(Ljava/lang/Object;Ljava/lang/Object;Ljava/lang/Object;I)Ljava/lang/Object;> (0x00000000866c5f68) thrown at [./open/src/hotspot/share/in
Event: 37.840 Thread 0x000001eb7a02e800 Exception <a 'java/lang/NoSuchMethodError'{0x00000000866c9bd8}: java.lang.invoke.DirectMethodHandle$Holder.invokeSpecial(Ljava/lang/Object;Ljava/lang/Object;Ljava/lang/Object;Ljava/lang/Object;I)Ljava/lang/Object;> (0x00000000866c9bd8) thrown at [./open/s
Event: 37.841 Thread 0x000001eb7a02e800 Exception <a 'java/lang/NoSuchMethodError'{0x00000000866ccee0}: java.lang.invoke.Invokers$Holder.linkToTargetMethod(Ljava/lang/Object;Ljava/lang/Object;ILjava/lang/Object;)Ljava/lang/Object;> (0x00000000866ccee0) thrown at [./open/src/hotspot/share/interp

Events (10 events):
Event: 49.015 loading class org/jetbrains/kotlin/load/java/typeEnhancement/NotNullTypeParameterImpl
Event: 49.015 loading class org/jetbrains/kotlin/load/java/typeEnhancement/NotNullTypeParameterImpl done
Event: 49.016 loading class org/jetbrains/kotlin/load/java/components/DescriptorResolverUtils$1$1
Event: 49.016 loading class org/jetbrains/kotlin/load/java/components/DescriptorResolverUtils$1$1 done
Event: 49.047 Thread 0x000001eb7a02e800 Uncommon trap: trap_request=0xffffffde fr.pc=0x000001eb0f212728 relative=0x0000000000000088
Event: 49.047 Thread 0x000001eb7a02e800 DEOPT PACKING pc=0x000001eb0f212728 sp=0x0000003cbb0fcf00
Event: 49.047 Thread 0x000001eb7a02e800 DEOPT UNPACKING pc=0x000001eb075f662f sp=0x0000003cbb0fce90 mode 2
Event: 49.049 Thread 0x000001eb7a02e800 Uncommon trap: trap_request=0xffffffde fr.pc=0x000001eb0f212728 relative=0x0000000000000088
Event: 49.049 Thread 0x000001eb7a02e800 DEOPT PACKING pc=0x000001eb0f212728 sp=0x0000003cbb0fcf00
Event: 49.049 Thread 0x000001eb7a02e800 DEOPT UNPACKING pc=0x000001eb075f662f sp=0x0000003cbb0fce90 mode 2


Dynamic libraries:
0x00007ff6e9840000 - 0x00007ff6e984f000 	C:\Program Files\Java\jdk-11.0.16.1\bin\java.exe
0x00007ffc28490000 - 0x00007ffc28688000 	C:\WINDOWS\SYSTEM32\ntdll.dll
0x00007ffc26d70000 - 0x00007ffc26e2f000 	C:\WINDOWS\System32\KERNEL32.DLL
0x00007ffc25dd0000 - 0x00007ffc260c6000 	C:\WINDOWS\System32\KERNELBASE.dll
0x00007ffc25cd0000 - 0x00007ffc25dd0000 	C:\WINDOWS\System32\ucrtbase.dll
0x00007ffc1f9e0000 - 0x00007ffc1f9f8000 	C:\Program Files\Java\jdk-11.0.16.1\bin\jli.dll
0x00007ffc28180000 - 0x00007ffc2822f000 	C:\WINDOWS\System32\ADVAPI32.dll
0x00007ffc27580000 - 0x00007ffc2761e000 	C:\WINDOWS\System32\msvcrt.dll
0x00007ffc28010000 - 0x00007ffc280ac000 	C:\WINDOWS\System32\sechost.dll
0x00007ffc27b70000 - 0x00007ffc27c96000 	C:\WINDOWS\System32\RPCRT4.dll
0x00007ffc27750000 - 0x00007ffc278ed000 	C:\WINDOWS\System32\USER32.dll
0x00007ffc260d0000 - 0x00007ffc260f2000 	C:\WINDOWS\System32\win32u.dll
0x00007ffc26810000 - 0x00007ffc2683c000 	C:\WINDOWS\System32\GDI32.dll
0x00007ffc26260000 - 0x00007ffc26375000 	C:\WINDOWS\System32\gdi32full.dll
0x00007ffc26170000 - 0x00007ffc2620d000 	C:\WINDOWS\System32\msvcp_win.dll
0x00007ffc05d40000 - 0x00007ffc05d55000 	C:\Program Files\Java\jdk-11.0.16.1\bin\VCRUNTIME140.dll
0x00007ffc17700000 - 0x00007ffc1799a000 	C:\WINDOWS\WinSxS\amd64_microsoft.windows.common-controls_6595b64144ccf1df_6.0.19041.1110_none_60b5254171f9507e\COMCTL32.dll
0x00007ffc18880000 - 0x00007ffc1888a000 	C:\WINDOWS\SYSTEM32\VERSION.dll
0x00007ffc28420000 - 0x00007ffc28450000 	C:\WINDOWS\System32\IMM32.DLL
0x00007ffbf6380000 - 0x00007ffbf641b000 	C:\Program Files\Java\jdk-11.0.16.1\bin\msvcp140.dll
0x00007ffbd5630000 - 0x00007ffbd6148000 	C:\Program Files\Java\jdk-11.0.16.1\bin\server\jvm.dll
0x00007ffc28000000 - 0x00007ffc28008000 	C:\WINDOWS\System32\PSAPI.DLL
0x00007ffc23af0000 - 0x00007ffc23af9000 	C:\WINDOWS\SYSTEM32\WSOCK32.dll
0x00007ffc28230000 - 0x00007ffc2829b000 	C:\WINDOWS\System32\WS2_32.dll
0x00007ffc18250000 - 0x00007ffc18277000 	C:\WINDOWS\SYSTEM32\WINMM.dll
0x00007ffc243b0000 - 0x00007ffc243c2000 	C:\WINDOWS\SYSTEM32\kernel.appcore.dll
0x00007ffc164e0000 - 0x00007ffc164f0000 	C:\Program Files\Java\jdk-11.0.16.1\bin\verify.dll
0x00007ffc238e0000 - 0x00007ffc23ac4000 	C:\WINDOWS\SYSTEM32\DBGHELP.DLL
0x00007ffc14200000 - 0x00007ffc14234000 	C:\WINDOWS\SYSTEM32\dbgcore.DLL
0x00007ffc26430000 - 0x00007ffc264b2000 	C:\WINDOWS\System32\bcryptPrimitives.dll
0x00007ffbf86b0000 - 0x00007ffbf86d8000 	C:\Program Files\Java\jdk-11.0.16.1\bin\java.dll
0x00007ffc162f0000 - 0x00007ffc162fa000 	C:\Program Files\Java\jdk-11.0.16.1\bin\jimage.dll
0x00007ffc05d20000 - 0x00007ffc05d36000 	C:\Program Files\Java\jdk-11.0.16.1\bin\zip.dll
0x00007ffc26e30000 - 0x00007ffc27574000 	C:\WINDOWS\System32\SHELL32.dll
0x00007ffc23c00000 - 0x00007ffc24393000 	C:\WINDOWS\SYSTEM32\windows.storage.dll
0x00007ffc27ca0000 - 0x00007ffc27ff4000 	C:\WINDOWS\System32\combase.dll
0x00007ffc254e0000 - 0x00007ffc2550e000 	C:\WINDOWS\SYSTEM32\Wldp.dll
0x00007ffc26840000 - 0x00007ffc268ed000 	C:\WINDOWS\System32\SHCORE.dll
0x00007ffc27ab0000 - 0x00007ffc27b05000 	C:\WINDOWS\System32\shlwapi.dll
0x00007ffc25ab0000 - 0x00007ffc25acf000 	C:\WINDOWS\SYSTEM32\profapi.dll
0x00007ffc00c30000 - 0x00007ffc00c49000 	C:\Program Files\Java\jdk-11.0.16.1\bin\net.dll
0x00007ffc18a00000 - 0x00007ffc18b0a000 	C:\WINDOWS\SYSTEM32\WINHTTP.dll
0x00007ffc25240000 - 0x00007ffc252aa000 	C:\WINDOWS\system32\mswsock.dll
0x00007ffc00050000 - 0x00007ffc00062000 	C:\Program Files\Java\jdk-11.0.16.1\bin\nio.dll

dbghelp: loaded successfully - version: 4.0.5 - missing functions: none
symbol engine: initialized successfully - sym options: 0x614 - pdb path: .;C:\Program Files\Java\jdk-11.0.16.1\bin;C:\WINDOWS\SYSTEM32;C:\WINDOWS\WinSxS\amd64_microsoft.windows.common-controls_6595b64144ccf1df_6.0.19041.1110_none_60b5254171f9507e;C:\Program Files\Java\jdk-11.0.16.1\bin\server

VM Arguments:
java_command: org.jetbrains.kotlin.cli.jvm.K2JVMCompiler @D:\Workspace\JustDeliveryy\node_modules\react-native-screens\android\build\20230703_7942166377065994603.compiler.options
java_class_path (initial): C:\Users\Admin\.gradle\caches\modules-2\files-2.1\org.jetbrains.kotlin\kotlin-compiler-embeddable\1.6.21\97bdd5a752ce73b58ef16c17bc7f0ea2faff7a2e\kotlin-compiler-embeddable-1.6.21.jar;C:\Users\Admin\.gradle\caches\modules-2\files-2.1\org.jetbrains.kotlin\kotlin-reflect\1.6.21\5dc3574d9b7bebfcb4ec6b10ada4aaa9e140bd0b\kotlin-reflect-1.6.21.jar;C:\Users\Admin\.gradle\caches\modules-2\files-2.1\org.jetbrains.kotlin\kotlin-stdlib\1.6.21\11ef67f1900634fd951bad28c53ec957fabbe5b8\kotlin-stdlib-1.6.21.jar;C:\Users\Admin\.gradle\caches\modules-2\files-2.1\org.jetbrains.kotlin\kotlin-script-runtime\1.6.21\99c6675100da5d6d5b1c5a1032f27f28008d101b\kotlin-script-runtime-1.6.21.jar;C:\Users\Admin\.gradle\caches\modules-2\files-2.1\org.jetbrains.kotlin\kotlin-daemon-embeddable\1.6.21\46b78cf392e1c4f10854c3cadba44abb7b82250f\kotlin-daemon-embeddable-1.6.21.jar;C:\Users\Admin\.gradle\caches\modules-2\files-2.1\org.jetbrains.intellij.deps\trove4j\1.0.20200330\3afb14d5f9ceb459d724e907a21145e8ff394f02\trove4j-1.0.20200330.jar;C:\Users\Admin\.gradle\caches\modules-2\files-2.1\net.java.dev.jna\jna\5.6.0\330f2244e9030119ab3030fc3fededc86713d9cc\jna-5.6.0.jar;C:\Users\Admin\.gradle\caches\modules-2\files-2.1\org.jetbrains.kotlin\kotlin-stdlib-common\1.6.21\5e5b55c26dbc80372a920aef60eb774b714559b8\kotlin-stdlib-common-1.6.21.jar;C:\Users\Admin\.gradle\caches\modules-2\files-2.1\org.jetbrains\annotations\13.0\919f0dfe192fb4e063e7dacadee7f8bb9a2672a9\annotations-13.0.jar
Launcher Type: SUN_STANDARD

[Global flags]
     intx CICompilerCount                          = 3                                         {product} {ergonomic}
     uint ConcGCThreads                            = 1                                         {product} {ergonomic}
     uint G1ConcRefinementThreads                  = 4                                         {product} {ergonomic}
   size_t G1HeapRegionSize                         = 1048576                                   {product} {ergonomic}
    uintx GCDrainStackTargetSize                   = 64                                        {product} {ergonomic}
   size_t InitialHeapSize                          = 134217728                                 {product} {ergonomic}
   size_t MarkStackSize                            = 4194304                                   {product} {ergonomic}
   size_t MaxHeapSize                              = 2126512128                                {product} {ergonomic}
   size_t MaxNewSize                               = 1275068416                                {product} {ergonomic}
   size_t MinHeapDeltaBytes                        = 1048576                                   {product} {ergonomic}
    uintx NonNMethodCodeHeapSize                   = 5830732                                {pd product} {ergonomic}
    uintx NonProfiledCodeHeapSize                  = 122913754                              {pd product} {ergonomic}
    uintx ProfiledCodeHeapSize                     = 122913754                              {pd product} {ergonomic}
    uintx ReservedCodeCacheSize                    = 251658240                              {pd product} {ergonomic}
     bool SegmentedCodeCache                       = true                                      {product} {ergonomic}
     bool UseCompressedClassPointers               = true                                 {lp64_product} {ergonomic}
     bool UseCompressedOops                        = true                                 {lp64_product} {ergonomic}
     bool UseG1GC                                  = true                                      {product} {ergonomic}
     bool UseLargePagesIndividualAllocation        = false                                  {pd product} {ergonomic}

Logging:
Log output configuration:
 #0: stdout all=warning uptime,level,tags
 #1: stderr all=off uptime,level,tags

Environment Variables:
JAVA_HOME=C:\Program Files\Java\jdk-11.0.16.1
CLASSPATH=D:\Workspace\JustDeliveryy\android\\gradle\wrapper\gradle-wrapper.jar
PATH=C:\Users\Admin\AppData\Local\Temp\yarn--1688353398825-0.1190734209201656;D:\Workspace\JustDeliveryy\node_modules\.bin;C:\Users\Admin\AppData\Local\Yarn\Data\link\node_modules\.bin;C:\Users\Admin\AppData\Local\Yarn\bin;C:\Program Files\libexec\lib\node_modules\npm\bin\node-gyp-bin;C:\Program Files\lib\node_modules\npm\bin\node-gyp-bin;C:\Program Files\nodejs\node_modules\npm\bin\node-gyp-bin;C:\Program Files\Microsoft\jdk-11.0.18.10-hotspot\bin;C:\Program Files\Common Files\Oracle\Java\javapath;C:\WINDOWS\system32;C:\WINDOWS;C:\WINDOWS\System32\Wbem;C:\WINDOWS\System32\WindowsPowerShell\v1.0\;C:\WINDOWS\System32\OpenSSH\;C:\Program Files\dotnet\;C:\Program Files\nodejs\;C:\ProgramData\chocolatey\bin;C:\Program Files\Git\cmd;C:\Program Files\OpenSSL-Win64\bin;C:\Users\Admin\AppData\Local\Android\Sdk\platform-tools;C:\Users\Admin\AppData\Local\Microsoft\WindowsApps;C:\Users\Admin\AppData\Local\Android\Sdk\platform-tools;C:\Users\Admin\AppData\Roaming\npm;C:\Users\Admin\AppData\Local\Programs\Microsoft VS Code\bin
USERNAME=Admin
OS=Windows_NT
PROCESSOR_IDENTIFIER=Intel64 Family 6 Model 61 Stepping 4, GenuineIntel



---------------  S Y S T E M  ---------------

OS: Windows 10 , 64 bit Build 19041 (10.0.19041.3031)

CPU:total 4 (initial active 4) (2 cores per cpu, 2 threads per core) family 6 model 61 stepping 4 microcode 0x2d, cmov, cx8, fxsr, mmx, sse, sse2, sse3, ssse3, sse4.1, sse4.2, popcnt, avx, avx2, aes, clmul, erms, 3dnowpref, lzcnt, ht, tsc, tscinvbit, bmi1, bmi2, adx, fma

Memory: 4k page, system-wide physical 8107M (467M free)
TotalPageFile size 17862M (AvailPageFile size 5M)
current process WorkingSet (physical memory assigned to process): 201M, peak: 214M
current process commit charge ("private bytes"): 290M, peak: 304M

vm_info: Java HotSpot(TM) 64-Bit Server VM (11.0.16.1+1-LTS-1) for windows-amd64 JRE (11.0.16.1+1-LTS-1), built on Aug 16 2022 01:46:01 by "mach5one" with MS VC++ 15.9 (VS2017)

END.
