#
# There is insufficient memory for the Java Runtime Environment to continue.
# Native memory allocation (malloc) failed to allocate 1868816 bytes for Chunk::new
# Possible reasons:
#   The system is out of physical RAM or swap space
#   The process is running with CompressedOops enabled, and the Java Heap may be blocking the growth of the native heap
# Possible solutions:
#   Reduce memory load on the system
#   Increase physical memory or swap space
#   Check if swap backing store is full
#   Decrease Java heap size (-Xmx/-Xms)
#   Decrease number of Java threads
#   Decrease Java thread stack sizes (-Xss)
#   Set larger code cache with -XX:ReservedCodeCacheSize=
#   JVM is running with Unscaled Compressed Oops mode in which the Java heap is
#     placed in the first 4GB address space. The Java Heap base address is the
#     maximum limit for the native heap growth. Please use -XX:HeapBaseMinAddress
#     to set the Java Heap base and to place the Java Heap above 4GB virtual address.
# This output file may be truncated or incomplete.
#
#  Out of Memory Error (./open/src/hotspot/share/memory/arena.cpp:197), pid=11092, tid=11320
#
# JRE version: Java(TM) SE Runtime Environment 18.9 (11.0.16.1+1) (build 11.0.16.1+1-LTS-1)
# Java VM: Java HotSpot(TM) 64-Bit Server VM 18.9 (11.0.16.1+1-LTS-1, mixed mode, tiered, compressed oops, g1 gc, windows-amd64)
# No core dump will be written. Minidumps are not enabled by default on client versions of Windows
#

---------------  S U M M A R Y ------------

Command Line: -XX:MaxMetaspaceSize=512m --add-opens=java.base/java.util=ALL-UNNAMED --add-opens=java.base/java.lang=ALL-UNNAMED --add-opens=java.base/java.lang.invoke=ALL-UNNAMED --add-opens=java.base/java.util=ALL-UNNAMED --add-opens=java.prefs/java.util.prefs=ALL-UNNAMED --add-opens=java.prefs/java.util.prefs=ALL-UNNAMED --add-opens=java.base/java.nio.charset=ALL-UNNAMED --add-opens=java.base/java.net=ALL-UNNAMED --add-opens=java.base/java.util.concurrent.atomic=ALL-UNNAMED -Xmx2048m -Dfile.encoding=windows-1252 -Duser.country=US -Duser.language=en -Duser.variant org.gradle.launcher.daemon.bootstrap.GradleDaemon 7.5.1

Host: Intel(R) Core(TM) i7-5500U CPU @ 2.40GHz, 4 cores, 7G,  Windows 10 , 64 bit Build 19041 (10.0.19041.2788)
Time: Thu May 11 14:20:10 2023 SE Asia Standard Time elapsed time: 16886.411474 seconds (0d 4h 41m 26s)

---------------  T H R E A D  ---------------

Current thread (0x000002688fb03800):  JavaThread "C2 CompilerThread0" daemon [_thread_in_native, id=11320, stack(0x0000009770f00000,0x0000009771000000)]


Current CompileTask:
C2:16886411 28931       4       jdk.internal.loader.URLClassPath::getResource (74 bytes)

Stack: [0x0000009770f00000,0x0000009771000000]
Native frames: (J=compiled Java code, j=interpreted, Vv=VM code, C=native code)
V  [jvm.dll+0x62a3da]
V  [jvm.dll+0x76407f]
V  [jvm.dll+0x765729]
V  [jvm.dll+0x765db3]
V  [jvm.dll+0x23dc18]
V  [jvm.dll+0xb2a1c]
V  [jvm.dll+0xb2fdc]
V  [jvm.dll+0x341452]
V  [jvm.dll+0x30ee03]
V  [jvm.dll+0x30e14a]
V  [jvm.dll+0x1f8685]
V  [jvm.dll+0x1f786d]
V  [jvm.dll+0x177c81]
V  [jvm.dll+0x207186]
V  [jvm.dll+0x20531b]
V  [jvm.dll+0x729f60]
V  [jvm.dll+0x722b34]
V  [jvm.dll+0x629276]
C  [ucrtbase.dll+0x21bb2]
C  [KERNEL32.DLL+0x17604]
C  [ntdll.dll+0x526a1]


---------------  P R O C E S S  ---------------

Threads class SMR info:
_java_thread_list=0x0000026896e83c80, length=111, elements={
0x00000268f19ef800, 0x000002688f190000, 0x000002688f191000, 0x000002688f1a8800,
0x000002688f1ab000, 0x000002688fb00800, 0x000002688fb03800, 0x000002688fb04800,
0x000002688fb51000, 0x000002688fc60800, 0x000002689193f800, 0x000002689119b800,
0x00000268910f8800, 0x000002688ffbe800, 0x000002688ffbd800, 0x000002688ffbd000,
0x000002688ffba800, 0x000002688ffb9000, 0x000002688ffbc000, 0x000002689001f800,
0x000002689001c800, 0x000002689001f000, 0x0000026891dee800, 0x0000026891df0000,
0x0000026891deb000, 0x0000026892ddf000, 0x000002689a839800, 0x000002689a839000,
0x000002689a83a800, 0x000002689a837000, 0x000002689a836800, 0x000002689a83b000,
0x000002689a835800, 0x000002689a840000, 0x000002689a842000, 0x000002689a841000,
0x000002689a83c000, 0x000002689a83d800, 0x000002689a842800, 0x000002689a83d000,
0x000002689a843800, 0x000002689a844000, 0x000002689a83e800, 0x000002689a83f800,
0x0000026892ddc800, 0x0000026892de0000, 0x0000026892ddd800, 0x0000026892dda000,
0x0000026892de0800, 0x0000026892ddb000, 0x0000026892de3000, 0x0000026892de4000,
0x0000026892de1800, 0x0000026892dde000, 0x0000026892de7000, 0x0000026892de8000,
0x0000026892de4800, 0x0000026892de6800, 0x0000026892de5800, 0x0000026892de2000,
0x0000026895dad000, 0x0000026895da7000, 0x0000026895da8000, 0x0000026895dae000,
0x0000026895da9800, 0x0000026895dab800, 0x0000026895dae800, 0x0000026895da9000,
0x0000026895dac000, 0x0000026895daf800, 0x0000026895db0000, 0x0000026895daa800,
0x0000026895db1000, 0x0000026895db2800, 0x0000026895db5000, 0x0000026891ded000,
0x0000026891def800, 0x0000026891df1000, 0x0000026891df2000, 0x0000026891dec000,
0x0000026891df4000, 0x0000026891df6800, 0x0000026891df5000, 0x0000026891df7800,
0x0000026891df6000, 0x0000026891df8800, 0x0000026891df2800, 0x0000026891df9000,
0x0000026891df3800, 0x0000026891dfa000, 0x000002688ffb9800, 0x000002688ffbb000,
0x000002689001b000, 0x000002689001a000, 0x00000268a0bed000, 0x00000268a0bea000,
0x00000268a0bf0800, 0x00000268a0bec000, 0x00000268a0bef800, 0x00000268a0bee000,
0x000002689b569000, 0x000002689b568000, 0x000002689b565000, 0x000002689b56d000,
0x000002689b56c000, 0x000002689b567800, 0x000002689b572000, 0x000002689b570800,
0x000002689b573000, 0x000002689b573800, 0x000002689b571000
}

Java Threads: ( => current thread )
  0x00000268f19ef800 JavaThread "main" [_thread_blocked, id=5572, stack(0x0000009770300000,0x0000009770400000)]
  0x000002688f190000 JavaThread "Reference Handler" daemon [_thread_blocked, id=12888, stack(0x0000009770a00000,0x0000009770b00000)]
  0x000002688f191000 JavaThread "Finalizer" daemon [_thread_blocked, id=9800, stack(0x0000009770b00000,0x0000009770c00000)]
  0x000002688f1a8800 JavaThread "Signal Dispatcher" daemon [_thread_blocked, id=11812, stack(0x0000009770c00000,0x0000009770d00000)]
  0x000002688f1ab000 JavaThread "Attach Listener" daemon [_thread_blocked, id=8636, stack(0x0000009770d00000,0x0000009770e00000)]
  0x000002688fb00800 JavaThread "Service Thread" daemon [_thread_blocked, id=9520, stack(0x0000009770e00000,0x0000009770f00000)]
=>0x000002688fb03800 JavaThread "C2 CompilerThread0" daemon [_thread_in_native, id=11320, stack(0x0000009770f00000,0x0000009771000000)]
  0x000002688fb04800 JavaThread "C1 CompilerThread0" daemon [_thread_in_vm, id=10056, stack(0x0000009771000000,0x0000009771100000)]
  0x000002688fb51000 JavaThread "Sweeper thread" daemon [_thread_blocked, id=4724, stack(0x0000009771100000,0x0000009771200000)]
  0x000002688fc60800 JavaThread "Common-Cleaner" daemon [_thread_blocked, id=13860, stack(0x0000009771200000,0x0000009771300000)]
  0x000002689193f800 JavaThread "Daemon health stats" [_thread_blocked, id=11592, stack(0x0000009771700000,0x0000009771800000)]
  0x000002689119b800 JavaThread "Incoming local TCP Connector on port 62375" [_thread_in_native, id=13180, stack(0x0000009771400000,0x0000009771500000)]
  0x00000268910f8800 JavaThread "Daemon periodic checks" [_thread_blocked, id=14668, stack(0x0000009771800000,0x0000009771900000)]
  0x000002688ffbe800 JavaThread "Cache worker for journal cache (C:\Users\Admin\.gradle\caches\journal-1)" [_thread_blocked, id=2944, stack(0x0000009772100000,0x0000009772200000)]
  0x000002688ffbd800 JavaThread "File lock request listener" [_thread_in_native, id=9536, stack(0x0000009772200000,0x0000009772300000)]
  0x000002688ffbd000 JavaThread "Cache worker for file hash cache (C:\Users\Admin\.gradle\caches\7.5.1\fileHashes)" [_thread_blocked, id=2304, stack(0x0000009772300000,0x0000009772400000)]
  0x000002688ffba800 JavaThread "File watcher server" daemon [_thread_in_native, id=11700, stack(0x0000009772500000,0x0000009772600000)]
  0x000002688ffb9000 JavaThread "File watcher consumer" daemon [_thread_blocked, id=1868, stack(0x0000009772600000,0x0000009772700000)]
  0x000002688ffbc000 JavaThread "Cache worker for file content cache (C:\Users\Admin\.gradle\caches\7.5.1\fileContent)" [_thread_blocked, id=10692, stack(0x0000009772800000,0x0000009772900000)]
  0x000002689001f800 JavaThread "Cache worker for execution history cache (C:\Users\Admin\.gradle\caches\7.5.1\executionHistory)" [_thread_blocked, id=10584, stack(0x0000009772c00000,0x0000009772d00000)]
  0x000002689001c800 JavaThread "jar transforms" [_thread_blocked, id=1760, stack(0x0000009772d00000,0x0000009772e00000)]
  0x000002689001f000 JavaThread "jar transforms Thread 2" [_thread_blocked, id=10804, stack(0x0000009772e00000,0x0000009772f00000)]
  0x0000026891dee800 JavaThread "jar transforms Thread 3" [_thread_blocked, id=6632, stack(0x0000009772f00000,0x0000009773000000)]
  0x0000026891df0000 JavaThread "jar transforms Thread 4" [_thread_blocked, id=12620, stack(0x0000009773000000,0x0000009773100000)]
  0x0000026891deb000 JavaThread "Cache worker for kotlin-dsl (C:\Users\Admin\.gradle\caches\7.5.1\kotlin-dsl)" [_thread_blocked, id=12580, stack(0x0000009773100000,0x0000009773200000)]
  0x0000026892ddf000 JavaThread "Memory manager" [_thread_blocked, id=13808, stack(0x0000009775600000,0x0000009775700000)]
  0x000002689a839800 JavaThread "Monitor" [_thread_in_native, id=11448, stack(0x0000009775500000,0x0000009775600000)]
  0x000002689a839000 JavaThread "JdwpProxyConnection" [_thread_in_native, id=7520, stack(0x0000009770100000,0x0000009770200000)]
  0x000002689a83a800 JavaThread "Device List Monitor" [_thread_in_native, id=5148, stack(0x0000009776600000,0x0000009776700000)]
  0x000002689a837000 JavaThread "Daemon Thread 5" [_thread_blocked, id=10540, stack(0x0000009770000000,0x0000009770100000)]
  0x000002689a836800 JavaThread "Handler for socket connection from /127.0.0.1:62375 to /127.0.0.1:49158" [_thread_in_native, id=12672, stack(0x0000009770200000,0x0000009770300000)]
  0x000002689a83b000 JavaThread "Cancel handler" [_thread_blocked, id=8968, stack(0x0000009771900000,0x0000009771a00000)]
  0x000002689a835800 JavaThread "Daemon worker Thread 5" [_thread_blocked, id=7204, stack(0x0000009771a00000,0x0000009771b00000)]
  0x000002689a840000 JavaThread "Asynchronous log dispatcher for DefaultDaemonConnection: socket connection from /127.0.0.1:62375 to /127.0.0.1:49158" [_thread_blocked, id=13148, stack(0x0000009771b00000,0x0000009771c00000)]
  0x000002689a842000 JavaThread "Stdin handler" [_thread_blocked, id=13068, stack(0x0000009771c00000,0x0000009771d00000)]
  0x000002689a841000 JavaThread "Daemon client event forwarder" [_thread_blocked, id=13344, stack(0x0000009771d00000,0x0000009771e00000)]
  0x000002689a83c000 JavaThread "Cache worker for checksums cache (D:\Workspace\JustDeliveryy\android\.gradle\7.5.1\checksums)" [_thread_blocked, id=12996, stack(0x0000009771e00000,0x0000009771f00000)]
  0x000002689a83d800 JavaThread "Cache worker for cache directory md-rule (C:\Users\Admin\.gradle\caches\7.5.1\md-rule)" [_thread_blocked, id=9288, stack(0x0000009771f00000,0x0000009772000000)]
  0x000002689a842800 JavaThread "Cache worker for file hash cache (D:\Workspace\JustDeliveryy\android\.gradle\7.5.1\fileHashes)" [_thread_blocked, id=8004, stack(0x0000009772400000,0x0000009772500000)]
  0x000002689a83d000 JavaThread "Cache worker for cache directory md-supplier (C:\Users\Admin\.gradle\caches\7.5.1\md-supplier)" [_thread_blocked, id=3260, stack(0x0000009772700000,0x0000009772800000)]
  0x000002689a843800 JavaThread "Cache worker for dependencies-accessors (D:\Workspace\JustDeliveryy\android\.gradle\7.5.1\dependencies-accessors)" [_thread_blocked, id=8648, stack(0x0000009772900000,0x0000009772a00000)]
  0x000002689a844000 JavaThread "Cache worker for Build Output Cleanup Cache (D:\Workspace\JustDeliveryy\node_modules\react-native-gradle-plugin\.gradle\buildOutputCleanup)" [_thread_blocked, id=6352, stack(0x0000009772b00000,0x0000009772c00000)]
  0x000002689a83e800 JavaThread "Unconstrained build operations" [_thread_blocked, id=1788, stack(0x0000009773200000,0x0000009773300000)]
  0x000002689a83f800 JavaThread "Unconstrained build operations Thread 2" [_thread_blocked, id=10672, stack(0x0000009773300000,0x0000009773400000)]
  0x0000026892ddc800 JavaThread "Unconstrained build operations Thread 3" [_thread_blocked, id=2516, stack(0x0000009773400000,0x0000009773500000)]
  0x0000026892de0000 JavaThread "Unconstrained build operations Thread 4" [_thread_blocked, id=11232, stack(0x0000009773500000,0x0000009773600000)]
  0x0000026892ddd800 JavaThread "Unconstrained build operations Thread 5" [_thread_blocked, id=6908, stack(0x0000009773600000,0x0000009773700000)]
  0x0000026892dda000 JavaThread "Unconstrained build operations Thread 6" [_thread_blocked, id=11444, stack(0x0000009773700000,0x0000009773800000)]
  0x0000026892de0800 JavaThread "Unconstrained build operations Thread 7" [_thread_blocked, id=10376, stack(0x0000009773800000,0x0000009773900000)]
  0x0000026892ddb000 JavaThread "Unconstrained build operations Thread 8" [_thread_blocked, id=7808, stack(0x0000009773900000,0x0000009773a00000)]
  0x0000026892de3000 JavaThread "Unconstrained build operations Thread 9" [_thread_blocked, id=14324, stack(0x0000009773a00000,0x0000009773b00000)]
  0x0000026892de4000 JavaThread "Unconstrained build operations Thread 10" [_thread_blocked, id=9636, stack(0x0000009773b00000,0x0000009773c00000)]
  0x0000026892de1800 JavaThread "Unconstrained build operations Thread 11" [_thread_blocked, id=11916, stack(0x0000009773c00000,0x0000009773d00000)]
  0x0000026892dde000 JavaThread "Unconstrained build operations Thread 12" [_thread_blocked, id=15356, stack(0x0000009773d00000,0x0000009773e00000)]
  0x0000026892de7000 JavaThread "Unconstrained build operations Thread 13" [_thread_blocked, id=11880, stack(0x0000009773e00000,0x0000009773f00000)]
  0x0000026892de8000 JavaThread "Unconstrained build operations Thread 14" [_thread_blocked, id=11740, stack(0x0000009773f00000,0x0000009774000000)]
  0x0000026892de4800 JavaThread "Unconstrained build operations Thread 15" [_thread_blocked, id=1364, stack(0x0000009774000000,0x0000009774100000)]
  0x0000026892de6800 JavaThread "Unconstrained build operations Thread 16" [_thread_blocked, id=7708, stack(0x0000009774100000,0x0000009774200000)]
  0x0000026892de5800 JavaThread "Unconstrained build operations Thread 17" [_thread_blocked, id=9500, stack(0x0000009774200000,0x0000009774300000)]
  0x0000026892de2000 JavaThread "Unconstrained build operations Thread 18" [_thread_blocked, id=2056, stack(0x0000009774300000,0x0000009774400000)]
  0x0000026895dad000 JavaThread "Unconstrained build operations Thread 19" [_thread_blocked, id=8172, stack(0x0000009774400000,0x0000009774500000)]
  0x0000026895da7000 JavaThread "Unconstrained build operations Thread 20" [_thread_blocked, id=6968, stack(0x0000009774500000,0x0000009774600000)]
  0x0000026895da8000 JavaThread "Unconstrained build operations Thread 21" [_thread_blocked, id=4380, stack(0x0000009774600000,0x0000009774700000)]
  0x0000026895dae000 JavaThread "Unconstrained build operations Thread 22" [_thread_blocked, id=5664, stack(0x0000009774700000,0x0000009774800000)]
  0x0000026895da9800 JavaThread "Unconstrained build operations Thread 23" [_thread_blocked, id=10564, stack(0x0000009774800000,0x0000009774900000)]
  0x0000026895dab800 JavaThread "Unconstrained build operations Thread 24" [_thread_blocked, id=1544, stack(0x0000009774900000,0x0000009774a00000)]
  0x0000026895dae800 JavaThread "Unconstrained build operations Thread 25" [_thread_blocked, id=8116, stack(0x0000009774a00000,0x0000009774b00000)]
  0x0000026895da9000 JavaThread "Unconstrained build operations Thread 26" [_thread_blocked, id=13468, stack(0x0000009774b00000,0x0000009774c00000)]
  0x0000026895dac000 JavaThread "Unconstrained build operations Thread 27" [_thread_blocked, id=840, stack(0x0000009774c00000,0x0000009774d00000)]
  0x0000026895daf800 JavaThread "Unconstrained build operations Thread 28" [_thread_blocked, id=4492, stack(0x0000009774d00000,0x0000009774e00000)]
  0x0000026895db0000 JavaThread "Unconstrained build operations Thread 29" [_thread_blocked, id=3584, stack(0x0000009774e00000,0x0000009774f00000)]
  0x0000026895daa800 JavaThread "Unconstrained build operations Thread 30" [_thread_blocked, id=9376, stack(0x0000009774f00000,0x0000009775000000)]
  0x0000026895db1000 JavaThread "Unconstrained build operations Thread 31" [_thread_blocked, id=12772, stack(0x0000009775000000,0x0000009775100000)]
  0x0000026895db2800 JavaThread "Unconstrained build operations Thread 32" [_thread_blocked, id=14488, stack(0x0000009775100000,0x0000009775200000)]
  0x0000026895db5000 JavaThread "Unconstrained build operations Thread 33" [_thread_blocked, id=15084, stack(0x0000009775200000,0x0000009775300000)]
  0x0000026891ded000 JavaThread "build event listener" [_thread_blocked, id=1064, stack(0x0000009775300000,0x0000009775400000)]
  0x0000026891def800 JavaThread "Cache worker for Build Output Cleanup Cache (D:\Workspace\JustDeliveryy\android\.gradle\buildOutputCleanup)" [_thread_blocked, id=4000, stack(0x0000009775400000,0x0000009775500000)]
  0x0000026891df1000 JavaThread "included builds" [_thread_blocked, id=6932, stack(0x0000009775700000,0x0000009775800000)]
  0x0000026891df2000 JavaThread "Execution worker" [_thread_in_vm, id=10884, stack(0x0000009775800000,0x0000009775900000)]
  0x0000026891dec000 JavaThread "Execution worker Thread 2" [_thread_blocked, id=13300, stack(0x0000009775900000,0x0000009775a00000)]
  0x0000026891df4000 JavaThread "Execution worker Thread 3" [_thread_blocked, id=4100, stack(0x0000009775a00000,0x0000009775b00000)]
  0x0000026891df6800 JavaThread "Cache worker for execution history cache (D:\Workspace\JustDeliveryy\node_modules\react-native-gradle-plugin\.gradle\7.5.1\executionHistory)" [_thread_blocked, id=7824, stack(0x0000009775b00000,0x0000009775c00000)]
  0x0000026891df5000 JavaThread "Unconstrained build operations Thread 34" [_thread_blocked, id=10320, stack(0x0000009775c00000,0x0000009775d00000)]
  0x0000026891df7800 JavaThread "Unconstrained build operations Thread 35" [_thread_blocked, id=6592, stack(0x0000009775d00000,0x0000009775e00000)]
  0x0000026891df6000 JavaThread "Unconstrained build operations Thread 36" [_thread_blocked, id=9448, stack(0x0000009775e00000,0x0000009775f00000)]
  0x0000026891df8800 JavaThread "Unconstrained build operations Thread 37" [_thread_blocked, id=2968, stack(0x0000009775f00000,0x0000009776000000)]
  0x0000026891df2800 JavaThread "Unconstrained build operations Thread 38" [_thread_blocked, id=7720, stack(0x0000009776000000,0x0000009776100000)]
  0x0000026891df9000 JavaThread "Unconstrained build operations Thread 39" [_thread_blocked, id=8484, stack(0x0000009776100000,0x0000009776200000)]
  0x0000026891df3800 JavaThread "Unconstrained build operations Thread 40" [_thread_blocked, id=4340, stack(0x0000009776200000,0x0000009776300000)]
  0x0000026891dfa000 JavaThread "RMI Scheduler(0)" daemon [_thread_blocked, id=12428, stack(0x0000009772a00000,0x0000009772b00000)]
  0x000002688ffb9800 JavaThread "RMI GC Daemon" daemon [_thread_blocked, id=12400, stack(0x0000009776400000,0x0000009776500000)]
  0x000002688ffbb000 JavaThread "RMI TCP Accept-0" daemon [_thread_in_native, id=9648, stack(0x0000009776700000,0x0000009776800000)]
  0x000002689001b000 JavaThread "RMI Reaper" [_thread_blocked, id=13240, stack(0x0000009776800000,0x0000009776900000)]
  0x000002689001a000 JavaThread "RMI TCP Connection(3)-127.0.0.1" daemon [_thread_in_native, id=7216, stack(0x0000009776900000,0x0000009776a00000)]
  0x00000268a0bed000 JavaThread "Cache worker for execution history cache (D:\Workspace\JustDeliveryy\android\.gradle\7.5.1\executionHistory)" [_thread_blocked, id=8740, stack(0x0000009776500000,0x0000009776600000)]
  0x00000268a0bea000 JavaThread "WorkerExecutor Queue Thread 2" [_thread_in_native, id=3432, stack(0x0000009776b00000,0x0000009776c00000)]
  0x00000268a0bf0800 JavaThread "WorkerExecutor Queue Thread 3" [_thread_in_native, id=4216, stack(0x0000009776c00000,0x0000009776d00000)]
  0x00000268a0bec000 JavaThread "WorkerExecutor Queue Thread 4" [_thread_in_native, id=6568, stack(0x0000009776d00000,0x0000009776e00000)]
  0x00000268a0bef800 JavaThread "Cache worker for Java compile cache (C:\Users\Admin\.gradle\caches\7.5.1\javaCompile)" [_thread_blocked, id=14296, stack(0x0000009777000000,0x0000009777100000)]
  0x00000268a0bee000 JavaThread "Build operations" [_thread_blocked, id=7268, stack(0x0000009776f00000,0x0000009777000000)]
  0x000002689b569000 JavaThread "Build operations Thread 2" [_thread_blocked, id=11648, stack(0x0000009777100000,0x0000009777200000)]
  0x000002689b568000 JavaThread "Build operations Thread 3" [_thread_blocked, id=5956, stack(0x0000009777200000,0x0000009777300000)]
  0x000002689b565000 JavaThread "Build operations Thread 4" [_thread_blocked, id=12612, stack(0x0000009777300000,0x0000009777400000)]
  0x000002689b56d000 JavaThread "Thread-327" [_thread_in_native, id=12728, stack(0x0000009776e00000,0x0000009776f00000)]
  0x000002689b56c000 JavaThread "RMI RenewClean-[127.0.0.1:17032,org.jetbrains.kotlin.daemon.common.LoopbackNetworkInterface$ClientLoopbackSocketFactory@7cb34d54]" daemon [_thread_blocked, id=14080, stack(0x0000009777400000,0x0000009777500000)]
  0x000002689b567800 JavaThread "RMI TCP Accept-0" daemon [_thread_in_native, id=10812, stack(0x0000009777500000,0x0000009777600000)]
  0x000002689b572000 JavaThread "WorkerExecutor Queue Thread 6" [_thread_blocked, id=12712, stack(0x0000009777600000,0x0000009777700000)]
  0x000002689b570800 JavaThread "RMI RenewClean-[127.0.0.1:17255,org.jetbrains.kotlin.daemon.common.LoopbackNetworkInterface$ClientLoopbackSocketFactory@3e199bd6]" daemon [_thread_blocked, id=12344, stack(0x0000009777700000,0x0000009777800000)]
  0x000002689b573000 JavaThread "RMI TCP Accept-0" daemon [_thread_in_native, id=4388, stack(0x0000009777800000,0x0000009777900000)]
  0x000002689b573800 JavaThread "RMI TCP Connection(4)-127.0.0.1" daemon [_thread_in_native, id=14728, stack(0x0000009777900000,0x0000009777a00000)]
  0x000002689b571000 JavaThread "RMI RenewClean-[127.0.0.1:17032,org.jetbrains.kotlin.daemon.common.LoopbackNetworkInterface$ClientLoopbackSocketFactory@38bdfa03]" daemon [_thread_blocked, id=15180, stack(0x0000009776a00000,0x0000009776b00000)]

Other Threads:
  0x000002688f18b000 VMThread "VM Thread" [stack: 0x0000009770900000,0x0000009770a00000] [id=9280]
  0x000002688fcb5800 WatcherThread [stack: 0x0000009771300000,0x0000009771400000] [id=14712]
  0x00000268f1a06000 GCTaskThread "GC Thread#0" [stack: 0x0000009770400000,0x0000009770500000] [id=3400]
  0x000002688ffe6800 GCTaskThread "GC Thread#1" [stack: 0x0000009771500000,0x0000009771600000] [id=1772]
  0x000002688ffd5000 GCTaskThread "GC Thread#2" [stack: 0x0000009771600000,0x0000009771700000] [id=14984]
  0x000002688ffc4000 GCTaskThread "GC Thread#3" [stack: 0x0000009772000000,0x0000009772100000] [id=11152]
  0x00000268f1a35800 ConcurrentGCThread "G1 Main Marker" [stack: 0x0000009770500000,0x0000009770600000] [id=6676]
  0x00000268f1a36800 ConcurrentGCThread "G1 Conc#0" [stack: 0x0000009770600000,0x0000009770700000] [id=11572]
  0x00000268f1ac4000 ConcurrentGCThread "G1 Refine#0" [stack: 0x0000009770700000,0x0000009770800000] [id=3004]
  0x00000268f1ac5000 ConcurrentGCThread "G1 Young RemSet Sampling" [stack: 0x0000009770800000,0x0000009770900000] [id=9096]

Threads with active compile tasks:
C2 CompilerThread0  16886478 28931       4       jdk.internal.loader.URLClassPath::getResource (74 bytes)

VM state:not at safepoint (normal execution)

VM Mutex/Monitor currently owned by a thread: None

Heap address: 0x0000000080000000, size: 2048 MB, Compressed Oops mode: 32-bit
Narrow klass base: 0x0000000000000000, Narrow klass shift: 3
Compressed class space size: 528482304 Address: 0x0000000100000000

Heap:
 garbage-first heap   total 334848K, used 261657K [0x0000000080000000, 0x0000000100000000)
  region size 1024K, 37 young (37888K), 2 survivors (2048K)
 Metaspace       used 187002K, capacity 193269K, committed 193436K, reserved 684032K
  class space    used 24271K, capacity 26669K, committed 26700K, reserved 516096K
Heap Regions: E=young(eden), S=young(survivor), O=old, HS=humongous(starts), HC=humongous(continues), CS=collection set, F=free, A=archive, TAMS=top-at-mark-start (previous, next)
|   0|0x0000000080000000, 0x0000000080100000, 0x0000000080100000|100%|HS|  |TAMS 0x0000000080100000, 0x0000000080000000| Complete 
|   1|0x0000000080100000, 0x0000000080200000, 0x0000000080200000|100%|HC|  |TAMS 0x0000000080200000, 0x0000000080100000| Complete 
|   2|0x0000000080200000, 0x0000000080300000, 0x0000000080300000|100%|HC|  |TAMS 0x0000000080300000, 0x0000000080200000| Complete 
|   3|0x0000000080300000, 0x0000000080400000, 0x0000000080400000|100%| O|  |TAMS 0x0000000080400000, 0x0000000080300000| Untracked 
|   4|0x0000000080400000, 0x0000000080500000, 0x0000000080500000|100%| O|  |TAMS 0x0000000080500000, 0x0000000080400000| Untracked 
|   5|0x0000000080500000, 0x0000000080600000, 0x0000000080600000|100%| O|  |TAMS 0x0000000080600000, 0x0000000080500000| Untracked 
|   6|0x0000000080600000, 0x0000000080700000, 0x0000000080700000|100%| O|  |TAMS 0x0000000080700000, 0x0000000080600000| Untracked 
|   7|0x0000000080700000, 0x0000000080800000, 0x0000000080800000|100%| O|  |TAMS 0x0000000080800000, 0x0000000080700000| Untracked 
|   8|0x0000000080800000, 0x0000000080900000, 0x0000000080900000|100%| O|  |TAMS 0x0000000080900000, 0x0000000080800000| Untracked 
|   9|0x0000000080900000, 0x0000000080a00000, 0x0000000080a00000|100%| O|  |TAMS 0x0000000080a00000, 0x0000000080900000| Untracked 
|  10|0x0000000080a00000, 0x0000000080b00000, 0x0000000080b00000|100%| O|  |TAMS 0x0000000080b00000, 0x0000000080a00000| Untracked 
|  11|0x0000000080b00000, 0x0000000080c00000, 0x0000000080c00000|100%| O|  |TAMS 0x0000000080c00000, 0x0000000080b00000| Untracked 
|  12|0x0000000080c00000, 0x0000000080d00000, 0x0000000080d00000|100%| O|  |TAMS 0x0000000080d00000, 0x0000000080c00000| Untracked 
|  13|0x0000000080d00000, 0x0000000080e00000, 0x0000000080e00000|100%| O|  |TAMS 0x0000000080e00000, 0x0000000080d00000| Untracked 
|  14|0x0000000080e00000, 0x0000000080f00000, 0x0000000080f00000|100%| O|  |TAMS 0x0000000080f00000, 0x0000000080e00000| Untracked 
|  15|0x0000000080f00000, 0x0000000081000000, 0x0000000081000000|100%| O|  |TAMS 0x0000000081000000, 0x0000000080f00000| Untracked 
|  16|0x0000000081000000, 0x0000000081100000, 0x0000000081100000|100%|HS|  |TAMS 0x0000000081100000, 0x0000000081000000| Complete 
|  17|0x0000000081100000, 0x0000000081200000, 0x0000000081200000|100%| O|  |TAMS 0x0000000081200000, 0x0000000081100000| Untracked 
|  18|0x0000000081200000, 0x0000000081300000, 0x0000000081300000|100%| O|  |TAMS 0x0000000081300000, 0x0000000081200000| Untracked 
|  19|0x0000000081300000, 0x0000000081400000, 0x0000000081400000|100%| O|  |TAMS 0x0000000081400000, 0x0000000081300000| Untracked 
|  20|0x0000000081400000, 0x0000000081500000, 0x0000000081500000|100%| O|  |TAMS 0x0000000081500000, 0x0000000081400000| Untracked 
|  21|0x0000000081500000, 0x0000000081600000, 0x0000000081600000|100%| O|  |TAMS 0x0000000081600000, 0x0000000081500000| Untracked 
|  22|0x0000000081600000, 0x0000000081700000, 0x0000000081700000|100%| O|  |TAMS 0x0000000081700000, 0x0000000081600000| Untracked 
|  23|0x0000000081700000, 0x0000000081800000, 0x0000000081800000|100%| O|  |TAMS 0x0000000081800000, 0x0000000081700000| Untracked 
|  24|0x0000000081800000, 0x0000000081900000, 0x0000000081900000|100%| O|  |TAMS 0x0000000081900000, 0x0000000081800000| Untracked 
|  25|0x0000000081900000, 0x0000000081a00000, 0x0000000081a00000|100%| O|  |TAMS 0x0000000081a00000, 0x0000000081900000| Untracked 
|  26|0x0000000081a00000, 0x0000000081b00000, 0x0000000081b00000|100%| O|  |TAMS 0x0000000081b00000, 0x0000000081a00000| Untracked 
|  27|0x0000000081b00000, 0x0000000081c00000, 0x0000000081c00000|100%| O|  |TAMS 0x0000000081c00000, 0x0000000081b00000| Untracked 
|  28|0x0000000081c00000, 0x0000000081d00000, 0x0000000081d00000|100%| O|  |TAMS 0x0000000081d00000, 0x0000000081c00000| Untracked 
|  29|0x0000000081d00000, 0x0000000081e00000, 0x0000000081e00000|100%|HS|  |TAMS 0x0000000081e00000, 0x0000000081d00000| Complete 
|  30|0x0000000081e00000, 0x0000000081f00000, 0x0000000081f00000|100%|HC|  |TAMS 0x0000000081f00000, 0x0000000081e00000| Complete 
|  31|0x0000000081f00000, 0x0000000082000000, 0x0000000082000000|100%|HC|  |TAMS 0x0000000082000000, 0x0000000081f00000| Complete 
|  32|0x0000000082000000, 0x0000000082100000, 0x0000000082100000|100%| O|  |TAMS 0x0000000082100000, 0x0000000082000000| Untracked 
|  33|0x0000000082100000, 0x0000000082200000, 0x0000000082200000|100%| O|  |TAMS 0x0000000082200000, 0x0000000082100000| Untracked 
|  34|0x0000000082200000, 0x0000000082300000, 0x0000000082300000|100%| O|  |TAMS 0x0000000082300000, 0x0000000082200000| Untracked 
|  35|0x0000000082300000, 0x0000000082400000, 0x0000000082400000|100%| O|  |TAMS 0x0000000082400000, 0x0000000082300000| Untracked 
|  36|0x0000000082400000, 0x0000000082500000, 0x0000000082500000|100%| O|  |TAMS 0x0000000082500000, 0x0000000082400000| Untracked 
|  37|0x0000000082500000, 0x0000000082600000, 0x0000000082600000|100%| O|  |TAMS 0x0000000082600000, 0x0000000082500000| Untracked 
|  38|0x0000000082600000, 0x0000000082700000, 0x0000000082700000|100%| O|  |TAMS 0x0000000082700000, 0x0000000082600000| Untracked 
|  39|0x0000000082700000, 0x0000000082800000, 0x0000000082800000|100%| O|  |TAMS 0x0000000082800000, 0x0000000082700000| Untracked 
|  40|0x0000000082800000, 0x0000000082900000, 0x0000000082900000|100%| O|  |TAMS 0x0000000082900000, 0x0000000082800000| Untracked 
|  41|0x0000000082900000, 0x0000000082a00000, 0x0000000082a00000|100%| O|  |TAMS 0x0000000082a00000, 0x0000000082900000| Untracked 
|  42|0x0000000082a00000, 0x0000000082b00000, 0x0000000082b00000|100%| O|  |TAMS 0x0000000082b00000, 0x0000000082a00000| Untracked 
|  43|0x0000000082b00000, 0x0000000082c00000, 0x0000000082c00000|100%| O|  |TAMS 0x0000000082c00000, 0x0000000082b00000| Untracked 
|  44|0x0000000082c00000, 0x0000000082d00000, 0x0000000082d00000|100%| O|  |TAMS 0x0000000082d00000, 0x0000000082c00000| Untracked 
|  45|0x0000000082d00000, 0x0000000082e00000, 0x0000000082e00000|100%|HS|  |TAMS 0x0000000082e00000, 0x0000000082d00000| Complete 
|  46|0x0000000082e00000, 0x0000000082f00000, 0x0000000082f00000|100%|HS|  |TAMS 0x0000000082f00000, 0x0000000082e00000| Complete 
|  47|0x0000000082f00000, 0x0000000083000000, 0x0000000083000000|100%| O|  |TAMS 0x0000000083000000, 0x0000000082f00000| Untracked 
|  48|0x0000000083000000, 0x0000000083100000, 0x0000000083100000|100%| O|  |TAMS 0x0000000083100000, 0x0000000083000000| Untracked 
|  49|0x0000000083100000, 0x0000000083200000, 0x0000000083200000|100%| O|  |TAMS 0x0000000083200000, 0x0000000083100000| Untracked 
|  50|0x0000000083200000, 0x0000000083300000, 0x0000000083300000|100%| O|  |TAMS 0x0000000083300000, 0x0000000083200000| Untracked 
|  51|0x0000000083300000, 0x0000000083400000, 0x0000000083400000|100%| O|  |TAMS 0x0000000083400000, 0x0000000083300000| Untracked 
|  52|0x0000000083400000, 0x0000000083500000, 0x0000000083500000|100%|HS|  |TAMS 0x0000000083500000, 0x0000000083400000| Complete 
|  53|0x0000000083500000, 0x0000000083600000, 0x0000000083600000|100%|HC|  |TAMS 0x0000000083600000, 0x0000000083500000| Complete 
|  54|0x0000000083600000, 0x0000000083700000, 0x0000000083700000|100%| O|  |TAMS 0x0000000083700000, 0x0000000083600000| Untracked 
|  55|0x0000000083700000, 0x0000000083800000, 0x0000000083800000|100%| O|  |TAMS 0x0000000083800000, 0x0000000083700000| Untracked 
|  56|0x0000000083800000, 0x0000000083900000, 0x0000000083900000|100%| O|  |TAMS 0x0000000083900000, 0x0000000083800000| Untracked 
|  57|0x0000000083900000, 0x0000000083a00000, 0x0000000083a00000|100%| O|  |TAMS 0x0000000083a00000, 0x0000000083900000| Untracked 
|  58|0x0000000083a00000, 0x0000000083b00000, 0x0000000083b00000|100%| O|  |TAMS 0x0000000083b00000, 0x0000000083a00000| Untracked 
|  59|0x0000000083b00000, 0x0000000083c00000, 0x0000000083c00000|100%| O|  |TAMS 0x0000000083c00000, 0x0000000083b00000| Untracked 
|  60|0x0000000083c00000, 0x0000000083d00000, 0x0000000083d00000|100%| O|  |TAMS 0x0000000083d00000, 0x0000000083c00000| Untracked 
|  61|0x0000000083d00000, 0x0000000083e00000, 0x0000000083e00000|100%| O|  |TAMS 0x0000000083e00000, 0x0000000083d00000| Untracked 
|  62|0x0000000083e00000, 0x0000000083f00000, 0x0000000083f00000|100%| O|  |TAMS 0x0000000083f00000, 0x0000000083e00000| Untracked 
|  63|0x0000000083f00000, 0x0000000084000000, 0x0000000084000000|100%| O|  |TAMS 0x0000000084000000, 0x0000000083f00000| Untracked 
|  64|0x0000000084000000, 0x0000000084100000, 0x0000000084100000|100%| O|  |TAMS 0x0000000084100000, 0x0000000084000000| Untracked 
|  65|0x0000000084100000, 0x0000000084200000, 0x0000000084200000|100%| O|  |TAMS 0x0000000084200000, 0x0000000084100000| Untracked 
|  66|0x0000000084200000, 0x0000000084300000, 0x0000000084300000|100%| O|  |TAMS 0x0000000084300000, 0x0000000084200000| Untracked 
|  67|0x0000000084300000, 0x0000000084400000, 0x0000000084400000|100%| O|  |TAMS 0x0000000084400000, 0x0000000084300000| Untracked 
|  68|0x0000000084400000, 0x0000000084500000, 0x0000000084500000|100%| O|  |TAMS 0x0000000084500000, 0x0000000084400000| Untracked 
|  69|0x0000000084500000, 0x0000000084600000, 0x0000000084600000|100%| O|  |TAMS 0x0000000084600000, 0x0000000084500000| Untracked 
|  70|0x0000000084600000, 0x0000000084700000, 0x0000000084700000|100%| O|  |TAMS 0x0000000084700000, 0x0000000084600000| Untracked 
|  71|0x0000000084700000, 0x0000000084800000, 0x0000000084800000|100%| O|  |TAMS 0x0000000084800000, 0x0000000084700000| Untracked 
|  72|0x0000000084800000, 0x0000000084900000, 0x0000000084900000|100%| O|  |TAMS 0x0000000084900000, 0x0000000084800000| Untracked 
|  73|0x0000000084900000, 0x0000000084a00000, 0x0000000084a00000|100%| O|  |TAMS 0x0000000084a00000, 0x0000000084900000| Untracked 
|  74|0x0000000084a00000, 0x0000000084b00000, 0x0000000084b00000|100%| O|  |TAMS 0x0000000084b00000, 0x0000000084a00000| Untracked 
|  75|0x0000000084b00000, 0x0000000084c00000, 0x0000000084c00000|100%| O|  |TAMS 0x0000000084c00000, 0x0000000084b00000| Untracked 
|  76|0x0000000084c00000, 0x0000000084d00000, 0x0000000084d00000|100%| O|  |TAMS 0x0000000084d00000, 0x0000000084c00000| Untracked 
|  77|0x0000000084d00000, 0x0000000084e00000, 0x0000000084e00000|100%| O|  |TAMS 0x0000000084e00000, 0x0000000084d00000| Untracked 
|  78|0x0000000084e00000, 0x0000000084f00000, 0x0000000084f00000|100%| O|  |TAMS 0x0000000084f00000, 0x0000000084e00000| Untracked 
|  79|0x0000000084f00000, 0x0000000085000000, 0x0000000085000000|100%| O|  |TAMS 0x0000000085000000, 0x0000000084f00000| Untracked 
|  80|0x0000000085000000, 0x0000000085100000, 0x0000000085100000|100%| O|  |TAMS 0x0000000085100000, 0x0000000085000000| Untracked 
|  81|0x0000000085100000, 0x0000000085200000, 0x0000000085200000|100%| O|  |TAMS 0x0000000085200000, 0x0000000085100000| Untracked 
|  82|0x0000000085200000, 0x0000000085300000, 0x0000000085300000|100%| O|  |TAMS 0x0000000085300000, 0x0000000085200000| Untracked 
|  83|0x0000000085300000, 0x0000000085400000, 0x0000000085400000|100%| O|  |TAMS 0x0000000085400000, 0x0000000085300000| Untracked 
|  84|0x0000000085400000, 0x0000000085500000, 0x0000000085500000|100%|HS|  |TAMS 0x0000000085500000, 0x0000000085400000| Complete 
|  85|0x0000000085500000, 0x0000000085600000, 0x0000000085600000|100%|HS|  |TAMS 0x0000000085600000, 0x0000000085500000| Complete 
|  86|0x0000000085600000, 0x0000000085700000, 0x0000000085700000|100%| O|  |TAMS 0x0000000085700000, 0x0000000085600000| Untracked 
|  87|0x0000000085700000, 0x0000000085800000, 0x0000000085800000|100%| O|  |TAMS 0x0000000085800000, 0x0000000085700000| Untracked 
|  88|0x0000000085800000, 0x0000000085900000, 0x0000000085900000|100%| O|  |TAMS 0x0000000085900000, 0x0000000085800000| Untracked 
|  89|0x0000000085900000, 0x0000000085a00000, 0x0000000085a00000|100%|HS|  |TAMS 0x0000000085a00000, 0x0000000085900000| Complete 
|  90|0x0000000085a00000, 0x0000000085b00000, 0x0000000085b00000|100%|HS|  |TAMS 0x0000000085b00000, 0x0000000085a00000| Complete 
|  91|0x0000000085b00000, 0x0000000085c00000, 0x0000000085c00000|100%|HC|  |TAMS 0x0000000085c00000, 0x0000000085b00000| Complete 
|  92|0x0000000085c00000, 0x0000000085d00000, 0x0000000085d00000|100%|HC|  |TAMS 0x0000000085d00000, 0x0000000085c00000| Complete 
|  93|0x0000000085d00000, 0x0000000085e00000, 0x0000000085e00000|100%| O|  |TAMS 0x0000000085e00000, 0x0000000085d00000| Untracked 
|  94|0x0000000085e00000, 0x0000000085f00000, 0x0000000085f00000|100%| O|  |TAMS 0x0000000085f00000, 0x0000000085e00000| Untracked 
|  95|0x0000000085f00000, 0x0000000086000000, 0x0000000086000000|100%| O|  |TAMS 0x0000000086000000, 0x0000000085f00000| Untracked 
|  96|0x0000000086000000, 0x0000000086100000, 0x0000000086100000|100%| O|  |TAMS 0x0000000086100000, 0x0000000086000000| Untracked 
|  97|0x0000000086100000, 0x0000000086200000, 0x0000000086200000|100%| O|  |TAMS 0x0000000086200000, 0x0000000086100000| Untracked 
|  98|0x0000000086200000, 0x0000000086300000, 0x0000000086300000|100%| O|  |TAMS 0x0000000086300000, 0x0000000086200000| Untracked 
|  99|0x0000000086300000, 0x0000000086400000, 0x0000000086400000|100%| O|  |TAMS 0x0000000086400000, 0x0000000086300000| Untracked 
| 100|0x0000000086400000, 0x0000000086500000, 0x0000000086500000|100%| O|  |TAMS 0x0000000086500000, 0x0000000086400000| Untracked 
| 101|0x0000000086500000, 0x0000000086600000, 0x0000000086600000|100%| O|  |TAMS 0x0000000086600000, 0x0000000086500000| Untracked 
| 102|0x0000000086600000, 0x0000000086700000, 0x0000000086700000|100%| O|  |TAMS 0x0000000086700000, 0x0000000086600000| Untracked 
| 103|0x0000000086700000, 0x0000000086800000, 0x0000000086800000|100%| O|  |TAMS 0x0000000086800000, 0x0000000086700000| Untracked 
| 104|0x0000000086800000, 0x0000000086900000, 0x0000000086900000|100%|HS|  |TAMS 0x0000000086900000, 0x0000000086800000| Complete 
| 105|0x0000000086900000, 0x0000000086a00000, 0x0000000086a00000|100%|HS|  |TAMS 0x0000000086a00000, 0x0000000086900000| Complete 
| 106|0x0000000086a00000, 0x0000000086b00000, 0x0000000086b00000|100%|HC|  |TAMS 0x0000000086b00000, 0x0000000086a00000| Complete 
| 107|0x0000000086b00000, 0x0000000086c00000, 0x0000000086c00000|100%|HC|  |TAMS 0x0000000086c00000, 0x0000000086b00000| Complete 
| 108|0x0000000086c00000, 0x0000000086d00000, 0x0000000086d00000|100%| O|  |TAMS 0x0000000086d00000, 0x0000000086c00000| Untracked 
| 109|0x0000000086d00000, 0x0000000086e00000, 0x0000000086e00000|100%| O|  |TAMS 0x0000000086e00000, 0x0000000086d00000| Untracked 
| 110|0x0000000086e00000, 0x0000000086f00000, 0x0000000086f00000|100%| O|  |TAMS 0x0000000086f00000, 0x0000000086e00000| Untracked 
| 111|0x0000000086f00000, 0x0000000087000000, 0x0000000087000000|100%| O|  |TAMS 0x0000000087000000, 0x0000000086f00000| Untracked 
| 112|0x0000000087000000, 0x0000000087100000, 0x0000000087100000|100%| O|  |TAMS 0x0000000087100000, 0x0000000087000000| Untracked 
| 113|0x0000000087100000, 0x0000000087200000, 0x0000000087200000|100%| O|  |TAMS 0x0000000087200000, 0x0000000087100000| Untracked 
| 114|0x0000000087200000, 0x0000000087300000, 0x0000000087300000|100%|HS|  |TAMS 0x0000000087300000, 0x0000000087200000| Complete 
| 115|0x0000000087300000, 0x0000000087400000, 0x0000000087400000|100%| O|  |TAMS 0x0000000087400000, 0x0000000087300000| Untracked 
| 116|0x0000000087400000, 0x0000000087500000, 0x0000000087500000|100%| O|  |TAMS 0x0000000087500000, 0x0000000087400000| Untracked 
| 117|0x0000000087500000, 0x0000000087600000, 0x0000000087600000|100%| O|  |TAMS 0x0000000087600000, 0x0000000087500000| Untracked 
| 118|0x0000000087600000, 0x0000000087700000, 0x0000000087700000|100%| O|  |TAMS 0x0000000087700000, 0x0000000087600000| Untracked 
| 119|0x0000000087700000, 0x0000000087800000, 0x0000000087800000|100%| O|  |TAMS 0x0000000087800000, 0x0000000087700000| Untracked 
| 120|0x0000000087800000, 0x0000000087900000, 0x0000000087900000|100%| O|  |TAMS 0x0000000087900000, 0x0000000087800000| Untracked 
| 121|0x0000000087900000, 0x0000000087a00000, 0x0000000087a00000|100%| O|  |TAMS 0x0000000087a00000, 0x0000000087900000| Untracked 
| 122|0x0000000087a00000, 0x0000000087b00000, 0x0000000087b00000|100%| O|  |TAMS 0x0000000087b00000, 0x0000000087a00000| Untracked 
| 123|0x0000000087b00000, 0x0000000087c00000, 0x0000000087c00000|100%| O|  |TAMS 0x0000000087c00000, 0x0000000087b00000| Untracked 
| 124|0x0000000087c00000, 0x0000000087d00000, 0x0000000087d00000|100%| O|  |TAMS 0x0000000087d00000, 0x0000000087c00000| Untracked 
| 125|0x0000000087d00000, 0x0000000087e00000, 0x0000000087e00000|100%| O|  |TAMS 0x0000000087e00000, 0x0000000087d00000| Untracked 
| 126|0x0000000087e00000, 0x0000000087f00000, 0x0000000087f00000|100%| O|  |TAMS 0x0000000087f00000, 0x0000000087e00000| Untracked 
| 127|0x0000000087f00000, 0x0000000088000000, 0x0000000088000000|100%| O|  |TAMS 0x0000000088000000, 0x0000000087f00000| Untracked 
| 128|0x0000000088000000, 0x0000000088100000, 0x0000000088100000|100%| O|  |TAMS 0x0000000088100000, 0x0000000088000000| Untracked 
| 129|0x0000000088100000, 0x0000000088200000, 0x0000000088200000|100%| O|  |TAMS 0x0000000088200000, 0x0000000088100000| Untracked 
| 130|0x0000000088200000, 0x0000000088300000, 0x0000000088300000|100%| O|  |TAMS 0x0000000088300000, 0x0000000088200000| Untracked 
| 131|0x0000000088300000, 0x0000000088400000, 0x0000000088400000|100%| O|  |TAMS 0x0000000088400000, 0x0000000088300000| Untracked 
| 132|0x0000000088400000, 0x0000000088500000, 0x0000000088500000|100%| O|  |TAMS 0x0000000088500000, 0x0000000088400000| Untracked 
| 133|0x0000000088500000, 0x0000000088600000, 0x0000000088600000|100%| O|  |TAMS 0x0000000088600000, 0x0000000088500000| Untracked 
| 134|0x0000000088600000, 0x0000000088700000, 0x0000000088700000|100%| O|  |TAMS 0x0000000088700000, 0x0000000088600000| Untracked 
| 135|0x0000000088700000, 0x0000000088800000, 0x0000000088800000|100%| O|  |TAMS 0x0000000088800000, 0x0000000088700000| Untracked 
| 136|0x0000000088800000, 0x0000000088900000, 0x0000000088900000|100%| O|  |TAMS 0x0000000088900000, 0x0000000088800000| Untracked 
| 137|0x0000000088900000, 0x0000000088a00000, 0x0000000088a00000|100%| O|  |TAMS 0x0000000088a00000, 0x0000000088900000| Untracked 
| 138|0x0000000088a00000, 0x0000000088b00000, 0x0000000088b00000|100%| O|  |TAMS 0x0000000088b00000, 0x0000000088a00000| Untracked 
| 139|0x0000000088b00000, 0x0000000088c00000, 0x0000000088c00000|100%| O|  |TAMS 0x0000000088c00000, 0x0000000088b00000| Untracked 
| 140|0x0000000088c00000, 0x0000000088d00000, 0x0000000088d00000|100%| O|  |TAMS 0x0000000088d00000, 0x0000000088c00000| Untracked 
| 141|0x0000000088d00000, 0x0000000088e00000, 0x0000000088e00000|100%| O|  |TAMS 0x0000000088e00000, 0x0000000088d00000| Untracked 
| 142|0x0000000088e00000, 0x0000000088f00000, 0x0000000088f00000|100%| O|  |TAMS 0x0000000088f00000, 0x0000000088e00000| Untracked 
| 143|0x0000000088f00000, 0x0000000089000000, 0x0000000089000000|100%| O|  |TAMS 0x0000000089000000, 0x0000000088f00000| Untracked 
| 144|0x0000000089000000, 0x0000000089100000, 0x0000000089100000|100%| O|  |TAMS 0x0000000089100000, 0x0000000089000000| Untracked 
| 145|0x0000000089100000, 0x0000000089200000, 0x0000000089200000|100%| O|  |TAMS 0x0000000089200000, 0x0000000089100000| Untracked 
| 146|0x0000000089200000, 0x0000000089300000, 0x0000000089300000|100%| O|  |TAMS 0x0000000089300000, 0x0000000089200000| Untracked 
| 147|0x0000000089300000, 0x0000000089400000, 0x0000000089400000|100%| O|  |TAMS 0x0000000089400000, 0x0000000089300000| Untracked 
| 148|0x0000000089400000, 0x0000000089500000, 0x0000000089500000|100%| O|  |TAMS 0x0000000089500000, 0x0000000089400000| Untracked 
| 149|0x0000000089500000, 0x0000000089600000, 0x0000000089600000|100%| O|  |TAMS 0x0000000089600000, 0x0000000089500000| Untracked 
| 150|0x0000000089600000, 0x0000000089700000, 0x0000000089700000|100%| O|  |TAMS 0x0000000089700000, 0x0000000089600000| Untracked 
| 151|0x0000000089700000, 0x0000000089800000, 0x0000000089800000|100%| O|  |TAMS 0x0000000089800000, 0x0000000089700000| Untracked 
| 152|0x0000000089800000, 0x0000000089900000, 0x0000000089900000|100%| O|  |TAMS 0x0000000089900000, 0x0000000089800000| Untracked 
| 153|0x0000000089900000, 0x0000000089a00000, 0x0000000089a00000|100%| O|  |TAMS 0x0000000089a00000, 0x0000000089900000| Untracked 
| 154|0x0000000089a00000, 0x0000000089b00000, 0x0000000089b00000|100%| O|  |TAMS 0x0000000089b00000, 0x0000000089a00000| Untracked 
| 155|0x0000000089b00000, 0x0000000089c00000, 0x0000000089c00000|100%| O|  |TAMS 0x0000000089c00000, 0x0000000089b00000| Untracked 
| 156|0x0000000089c00000, 0x0000000089d00000, 0x0000000089d00000|100%| O|  |TAMS 0x0000000089d00000, 0x0000000089c00000| Untracked 
| 157|0x0000000089d00000, 0x0000000089e00000, 0x0000000089e00000|100%| O|  |TAMS 0x0000000089e00000, 0x0000000089d00000| Untracked 
| 158|0x0000000089e00000, 0x0000000089f00000, 0x0000000089f00000|100%| O|  |TAMS 0x0000000089f00000, 0x0000000089e00000| Untracked 
| 159|0x0000000089f00000, 0x000000008a000000, 0x000000008a000000|100%| O|  |TAMS 0x000000008a000000, 0x0000000089f00000| Untracked 
| 160|0x000000008a000000, 0x000000008a100000, 0x000000008a100000|100%| O|  |TAMS 0x000000008a100000, 0x000000008a000000| Untracked 
| 161|0x000000008a100000, 0x000000008a200000, 0x000000008a200000|100%| O|  |TAMS 0x000000008a200000, 0x000000008a100000| Untracked 
| 162|0x000000008a200000, 0x000000008a300000, 0x000000008a300000|100%| O|  |TAMS 0x000000008a300000, 0x000000008a200000| Untracked 
| 163|0x000000008a300000, 0x000000008a400000, 0x000000008a400000|100%| O|  |TAMS 0x000000008a400000, 0x000000008a300000| Untracked 
| 164|0x000000008a400000, 0x000000008a500000, 0x000000008a500000|100%| O|  |TAMS 0x000000008a500000, 0x000000008a400000| Untracked 
| 165|0x000000008a500000, 0x000000008a600000, 0x000000008a600000|100%| O|  |TAMS 0x000000008a600000, 0x000000008a500000| Untracked 
| 166|0x000000008a600000, 0x000000008a700000, 0x000000008a700000|100%| O|  |TAMS 0x000000008a700000, 0x000000008a600000| Untracked 
| 167|0x000000008a700000, 0x000000008a800000, 0x000000008a800000|100%| O|  |TAMS 0x000000008a800000, 0x000000008a700000| Untracked 
| 168|0x000000008a800000, 0x000000008a900000, 0x000000008a900000|100%| O|  |TAMS 0x000000008a900000, 0x000000008a800000| Untracked 
| 169|0x000000008a900000, 0x000000008aa00000, 0x000000008aa00000|100%| O|  |TAMS 0x000000008aa00000, 0x000000008a900000| Untracked 
| 170|0x000000008aa00000, 0x000000008ab00000, 0x000000008ab00000|100%| O|  |TAMS 0x000000008ab00000, 0x000000008aa00000| Untracked 
| 171|0x000000008ab00000, 0x000000008ac00000, 0x000000008ac00000|100%| O|  |TAMS 0x000000008ac00000, 0x000000008ab00000| Untracked 
| 172|0x000000008ac00000, 0x000000008ad00000, 0x000000008ad00000|100%| O|  |TAMS 0x000000008ad00000, 0x000000008ac00000| Untracked 
| 173|0x000000008ad00000, 0x000000008ae00000, 0x000000008ae00000|100%| O|  |TAMS 0x000000008ae00000, 0x000000008ad00000| Untracked 
| 174|0x000000008ae00000, 0x000000008af00000, 0x000000008af00000|100%| O|  |TAMS 0x000000008af00000, 0x000000008ae00000| Untracked 
| 175|0x000000008af00000, 0x000000008b000000, 0x000000008b000000|100%| O|  |TAMS 0x000000008b000000, 0x000000008af00000| Untracked 
| 176|0x000000008b000000, 0x000000008b100000, 0x000000008b100000|100%| O|  |TAMS 0x000000008b100000, 0x000000008b000000| Untracked 
| 177|0x000000008b100000, 0x000000008b200000, 0x000000008b200000|100%| O|  |TAMS 0x000000008b200000, 0x000000008b100000| Untracked 
| 178|0x000000008b200000, 0x000000008b300000, 0x000000008b300000|100%| O|  |TAMS 0x000000008b300000, 0x000000008b200000| Untracked 
| 179|0x000000008b300000, 0x000000008b400000, 0x000000008b400000|100%| O|  |TAMS 0x000000008b400000, 0x000000008b300000| Untracked 
| 180|0x000000008b400000, 0x000000008b500000, 0x000000008b500000|100%| O|  |TAMS 0x000000008b500000, 0x000000008b400000| Untracked 
| 181|0x000000008b500000, 0x000000008b600000, 0x000000008b600000|100%| O|  |TAMS 0x000000008b600000, 0x000000008b500000| Untracked 
| 182|0x000000008b600000, 0x000000008b700000, 0x000000008b700000|100%| O|  |TAMS 0x000000008b700000, 0x000000008b600000| Untracked 
| 183|0x000000008b700000, 0x000000008b800000, 0x000000008b800000|100%| O|  |TAMS 0x000000008b800000, 0x000000008b700000| Untracked 
| 184|0x000000008b800000, 0x000000008b900000, 0x000000008b900000|100%| O|  |TAMS 0x000000008b900000, 0x000000008b800000| Untracked 
| 185|0x000000008b900000, 0x000000008ba00000, 0x000000008ba00000|100%| O|  |TAMS 0x000000008ba00000, 0x000000008b900000| Untracked 
| 186|0x000000008ba00000, 0x000000008bb00000, 0x000000008bb00000|100%| O|  |TAMS 0x000000008bb00000, 0x000000008ba00000| Untracked 
| 187|0x000000008bb00000, 0x000000008bc00000, 0x000000008bc00000|100%| O|  |TAMS 0x000000008bc00000, 0x000000008bb00000| Untracked 
| 188|0x000000008bc00000, 0x000000008bd00000, 0x000000008bd00000|100%| O|  |TAMS 0x000000008bd00000, 0x000000008bc00000| Untracked 
| 189|0x000000008bd00000, 0x000000008bd00000, 0x000000008be00000|  0%| F|  |TAMS 0x000000008bd00000, 0x000000008bd00000| Untracked 
| 190|0x000000008be00000, 0x000000008be00000, 0x000000008bf00000|  0%| F|  |TAMS 0x000000008be00000, 0x000000008be00000| Untracked 
| 191|0x000000008bf00000, 0x000000008c000000, 0x000000008c000000|100%| O|  |TAMS 0x000000008c000000, 0x000000008bf00000| Untracked 
| 192|0x000000008c000000, 0x000000008c100000, 0x000000008c100000|100%| O|  |TAMS 0x000000008c100000, 0x000000008c000000| Untracked 
| 193|0x000000008c100000, 0x000000008c200000, 0x000000008c200000|100%| O|  |TAMS 0x000000008c200000, 0x000000008c100000| Untracked 
| 194|0x000000008c200000, 0x000000008c300000, 0x000000008c300000|100%| O|  |TAMS 0x000000008c300000, 0x000000008c200000| Untracked 
| 195|0x000000008c300000, 0x000000008c400000, 0x000000008c400000|100%| O|  |TAMS 0x000000008c400000, 0x000000008c300000| Untracked 
| 196|0x000000008c400000, 0x000000008c500000, 0x000000008c500000|100%| O|  |TAMS 0x000000008c500000, 0x000000008c400000| Untracked 
| 197|0x000000008c500000, 0x000000008c600000, 0x000000008c600000|100%| O|  |TAMS 0x000000008c600000, 0x000000008c500000| Untracked 
| 198|0x000000008c600000, 0x000000008c700000, 0x000000008c700000|100%| O|  |TAMS 0x000000008c700000, 0x000000008c600000| Untracked 
| 199|0x000000008c700000, 0x000000008c800000, 0x000000008c800000|100%| O|  |TAMS 0x000000008c800000, 0x000000008c700000| Untracked 
| 200|0x000000008c800000, 0x000000008c900000, 0x000000008c900000|100%| O|  |TAMS 0x000000008c900000, 0x000000008c800000| Untracked 
| 201|0x000000008c900000, 0x000000008ca00000, 0x000000008ca00000|100%| O|  |TAMS 0x000000008ca00000, 0x000000008c900000| Untracked 
| 202|0x000000008ca00000, 0x000000008cb00000, 0x000000008cb00000|100%|HS|  |TAMS 0x000000008cb00000, 0x000000008ca00000| Complete 
| 203|0x000000008cb00000, 0x000000008cc00000, 0x000000008cc00000|100%|HC|  |TAMS 0x000000008cc00000, 0x000000008cb00000| Complete 
| 204|0x000000008cc00000, 0x000000008cd00000, 0x000000008cd00000|100%| O|  |TAMS 0x000000008cd00000, 0x000000008cc00000| Untracked 
| 205|0x000000008cd00000, 0x000000008cd00000, 0x000000008ce00000|  0%| F|  |TAMS 0x000000008cd00000, 0x000000008cd00000| Untracked 
| 206|0x000000008ce00000, 0x000000008cf00000, 0x000000008cf00000|100%|HS|  |TAMS 0x000000008ce00000, 0x000000008ce00000| Complete 
| 207|0x000000008cf00000, 0x000000008d000000, 0x000000008d000000|100%|HC|  |TAMS 0x000000008cf00000, 0x000000008cf00000| Complete 
| 208|0x000000008d000000, 0x000000008d000000, 0x000000008d100000|  0%| F|  |TAMS 0x000000008d000000, 0x000000008d000000| Untracked 
| 209|0x000000008d100000, 0x000000008d100000, 0x000000008d200000|  0%| F|  |TAMS 0x000000008d100000, 0x000000008d100000| Untracked 
| 210|0x000000008d200000, 0x000000008d300000, 0x000000008d300000|100%| O|  |TAMS 0x000000008d300000, 0x000000008d200000| Untracked 
| 211|0x000000008d300000, 0x000000008d300000, 0x000000008d400000|  0%| F|  |TAMS 0x000000008d300000, 0x000000008d300000| Untracked 
| 212|0x000000008d400000, 0x000000008d400000, 0x000000008d500000|  0%| F|  |TAMS 0x000000008d400000, 0x000000008d400000| Untracked 
| 213|0x000000008d500000, 0x000000008d500000, 0x000000008d600000|  0%| F|  |TAMS 0x000000008d500000, 0x000000008d500000| Untracked 
| 214|0x000000008d600000, 0x000000008d700000, 0x000000008d700000|100%| O|  |TAMS 0x000000008d700000, 0x000000008d600000| Untracked 
| 215|0x000000008d700000, 0x000000008d800000, 0x000000008d800000|100%| O|  |TAMS 0x000000008d800000, 0x000000008d700000| Untracked 
| 216|0x000000008d800000, 0x000000008d900000, 0x000000008d900000|100%| O|  |TAMS 0x000000008d900000, 0x000000008d800000| Untracked 
| 217|0x000000008d900000, 0x000000008da00000, 0x000000008da00000|100%| O|  |TAMS 0x000000008d9fec00, 0x000000008d900000| Untracked 
| 218|0x000000008da00000, 0x000000008da00000, 0x000000008db00000|  0%| F|  |TAMS 0x000000008da00000, 0x000000008da00000| Untracked 
| 219|0x000000008db00000, 0x000000008db00000, 0x000000008dc00000|  0%| F|  |TAMS 0x000000008db00000, 0x000000008db00000| Untracked 
| 220|0x000000008dc00000, 0x000000008dd00000, 0x000000008dd00000|100%| O|  |TAMS 0x000000008dc00000, 0x000000008dc00000| Untracked 
| 221|0x000000008dd00000, 0x000000008de00000, 0x000000008de00000|100%| O|  |TAMS 0x000000008dd00000, 0x000000008dd00000| Untracked 
| 222|0x000000008de00000, 0x000000008df00000, 0x000000008df00000|100%| O|  |TAMS 0x000000008de00000, 0x000000008de00000| Untracked 
| 223|0x000000008df00000, 0x000000008e000000, 0x000000008e000000|100%| O|  |TAMS 0x000000008df00000, 0x000000008df00000| Untracked 
| 224|0x000000008e000000, 0x000000008e100000, 0x000000008e100000|100%| O|  |TAMS 0x000000008e000000, 0x000000008e000000| Untracked 
| 225|0x000000008e100000, 0x000000008e200000, 0x000000008e200000|100%| O|  |TAMS 0x000000008e100000, 0x000000008e100000| Untracked 
| 226|0x000000008e200000, 0x000000008e300000, 0x000000008e300000|100%| O|  |TAMS 0x000000008e200000, 0x000000008e200000| Untracked 
| 227|0x000000008e300000, 0x000000008e400000, 0x000000008e400000|100%| O|  |TAMS 0x000000008e300000, 0x000000008e300000| Untracked 
| 228|0x000000008e400000, 0x000000008e500000, 0x000000008e500000|100%| O|  |TAMS 0x000000008e400000, 0x000000008e400000| Untracked 
| 229|0x000000008e500000, 0x000000008e600000, 0x000000008e600000|100%| O|  |TAMS 0x000000008e500000, 0x000000008e500000| Untracked 
| 230|0x000000008e600000, 0x000000008e686400, 0x000000008e700000| 52%| O|  |TAMS 0x000000008e600000, 0x000000008e600000| Untracked 
| 231|0x000000008e700000, 0x000000008e700000, 0x000000008e800000|  0%| F|  |TAMS 0x000000008e700000, 0x000000008e700000| Untracked 
| 232|0x000000008e800000, 0x000000008e800000, 0x000000008e900000|  0%| F|  |TAMS 0x000000008e800000, 0x000000008e800000| Untracked 
| 233|0x000000008e900000, 0x000000008e900000, 0x000000008ea00000|  0%| F|  |TAMS 0x000000008e900000, 0x000000008e900000| Untracked 
| 234|0x000000008ea00000, 0x000000008ea00000, 0x000000008eb00000|  0%| F|  |TAMS 0x000000008ea00000, 0x000000008ea00000| Untracked 
| 235|0x000000008eb00000, 0x000000008eb00000, 0x000000008ec00000|  0%| F|  |TAMS 0x000000008eb00000, 0x000000008eb00000| Untracked 
| 236|0x000000008ec00000, 0x000000008ec00000, 0x000000008ed00000|  0%| F|  |TAMS 0x000000008ec00000, 0x000000008ec00000| Untracked 
| 237|0x000000008ed00000, 0x000000008ed00000, 0x000000008ee00000|  0%| F|  |TAMS 0x000000008ed00000, 0x000000008ed00000| Untracked 
| 238|0x000000008ee00000, 0x000000008ee00000, 0x000000008ef00000|  0%| F|  |TAMS 0x000000008ee00000, 0x000000008ee00000| Untracked 
| 239|0x000000008ef00000, 0x000000008ef00000, 0x000000008f000000|  0%| F|  |TAMS 0x000000008ef00000, 0x000000008ef00000| Untracked 
| 240|0x000000008f000000, 0x000000008f000000, 0x000000008f100000|  0%| F|  |TAMS 0x000000008f000000, 0x000000008f000000| Untracked 
| 241|0x000000008f100000, 0x000000008f100000, 0x000000008f200000|  0%| F|  |TAMS 0x000000008f100000, 0x000000008f100000| Untracked 
| 242|0x000000008f200000, 0x000000008f200000, 0x000000008f300000|  0%| F|  |TAMS 0x000000008f200000, 0x000000008f200000| Untracked 
| 243|0x000000008f300000, 0x000000008f300000, 0x000000008f400000|  0%| F|  |TAMS 0x000000008f300000, 0x000000008f300000| Untracked 
| 244|0x000000008f400000, 0x000000008f400000, 0x000000008f500000|  0%| F|  |TAMS 0x000000008f400000, 0x000000008f400000| Untracked 
| 245|0x000000008f500000, 0x000000008f500000, 0x000000008f600000|  0%| F|  |TAMS 0x000000008f500000, 0x000000008f500000| Untracked 
| 246|0x000000008f600000, 0x000000008f600000, 0x000000008f700000|  0%| F|  |TAMS 0x000000008f600000, 0x000000008f600000| Untracked 
| 247|0x000000008f700000, 0x000000008f700000, 0x000000008f800000|  0%| F|  |TAMS 0x000000008f700000, 0x000000008f700000| Untracked 
| 248|0x000000008f800000, 0x000000008f800000, 0x000000008f900000|  0%| F|  |TAMS 0x000000008f800000, 0x000000008f800000| Untracked 
| 249|0x000000008f900000, 0x000000008f900000, 0x000000008fa00000|  0%| F|  |TAMS 0x000000008f900000, 0x000000008f900000| Untracked 
| 250|0x000000008fa00000, 0x000000008fa00000, 0x000000008fb00000|  0%| F|  |TAMS 0x000000008fa00000, 0x000000008fa00000| Untracked 
| 251|0x000000008fb00000, 0x000000008fb00000, 0x000000008fc00000|  0%| F|  |TAMS 0x000000008fb00000, 0x000000008fb00000| Untracked 
| 252|0x000000008fc00000, 0x000000008fc00000, 0x000000008fd00000|  0%| F|  |TAMS 0x000000008fc00000, 0x000000008fc00000| Untracked 
| 253|0x000000008fd00000, 0x000000008fd00000, 0x000000008fe00000|  0%| F|  |TAMS 0x000000008fd00000, 0x000000008fd00000| Untracked 
| 254|0x000000008fe00000, 0x000000008fe00000, 0x000000008ff00000|  0%| F|  |TAMS 0x000000008fe00000, 0x000000008fe00000| Untracked 
| 255|0x000000008ff00000, 0x000000008ff00000, 0x0000000090000000|  0%| F|  |TAMS 0x000000008ff00000, 0x000000008ff00000| Untracked 
| 256|0x0000000090000000, 0x0000000090000000, 0x0000000090100000|  0%| F|  |TAMS 0x0000000090000000, 0x0000000090000000| Untracked 
| 257|0x0000000090100000, 0x0000000090100000, 0x0000000090200000|  0%| F|  |TAMS 0x0000000090100000, 0x0000000090100000| Untracked 
| 258|0x0000000090200000, 0x0000000090200000, 0x0000000090300000|  0%| F|  |TAMS 0x0000000090200000, 0x0000000090200000| Untracked 
| 259|0x0000000090300000, 0x0000000090300000, 0x0000000090400000|  0%| F|  |TAMS 0x0000000090300000, 0x0000000090300000| Untracked 
| 260|0x0000000090400000, 0x0000000090400000, 0x0000000090500000|  0%| F|  |TAMS 0x0000000090400000, 0x0000000090400000| Untracked 
| 261|0x0000000090500000, 0x0000000090500000, 0x0000000090600000|  0%| F|  |TAMS 0x0000000090500000, 0x0000000090500000| Untracked 
| 262|0x0000000090600000, 0x0000000090600000, 0x0000000090700000|  0%| F|  |TAMS 0x0000000090600000, 0x0000000090600000| Untracked 
| 263|0x0000000090700000, 0x0000000090700000, 0x0000000090800000|  0%| F|  |TAMS 0x0000000090700000, 0x0000000090700000| Untracked 
| 264|0x0000000090800000, 0x0000000090800000, 0x0000000090900000|  0%| F|  |TAMS 0x0000000090800000, 0x0000000090800000| Untracked 
| 265|0x0000000090900000, 0x0000000090900000, 0x0000000090a00000|  0%| F|  |TAMS 0x0000000090900000, 0x0000000090900000| Untracked 
| 266|0x0000000090a00000, 0x0000000090a00000, 0x0000000090b00000|  0%| F|  |TAMS 0x0000000090a00000, 0x0000000090a00000| Untracked 
| 267|0x0000000090b00000, 0x0000000090b00000, 0x0000000090c00000|  0%| F|  |TAMS 0x0000000090b00000, 0x0000000090b00000| Untracked 
| 268|0x0000000090c00000, 0x0000000090c00000, 0x0000000090d00000|  0%| F|  |TAMS 0x0000000090c00000, 0x0000000090c00000| Untracked 
| 269|0x0000000090d00000, 0x0000000090d00000, 0x0000000090e00000|  0%| F|  |TAMS 0x0000000090d00000, 0x0000000090d00000| Untracked 
| 270|0x0000000090e00000, 0x0000000090e00000, 0x0000000090f00000|  0%| F|  |TAMS 0x0000000090e00000, 0x0000000090e00000| Untracked 
| 271|0x0000000090f00000, 0x0000000090f00000, 0x0000000091000000|  0%| F|  |TAMS 0x0000000090f00000, 0x0000000090f00000| Untracked 
| 272|0x0000000091000000, 0x0000000091000000, 0x0000000091100000|  0%| F|  |TAMS 0x0000000091000000, 0x0000000091000000| Untracked 
| 273|0x0000000091100000, 0x0000000091100000, 0x0000000091200000|  0%| F|  |TAMS 0x0000000091100000, 0x0000000091100000| Untracked 
| 274|0x0000000091200000, 0x0000000091200000, 0x0000000091300000|  0%| F|  |TAMS 0x0000000091200000, 0x0000000091200000| Untracked 
| 275|0x0000000091300000, 0x0000000091300000, 0x0000000091400000|  0%| F|  |TAMS 0x0000000091300000, 0x0000000091300000| Untracked 
| 276|0x0000000091400000, 0x0000000091400000, 0x0000000091500000|  0%| F|  |TAMS 0x0000000091400000, 0x0000000091400000| Untracked 
| 277|0x0000000091500000, 0x0000000091500000, 0x0000000091600000|  0%| F|  |TAMS 0x0000000091500000, 0x0000000091500000| Untracked 
| 278|0x0000000091600000, 0x0000000091600000, 0x0000000091700000|  0%| F|  |TAMS 0x0000000091600000, 0x0000000091600000| Untracked 
| 279|0x0000000091700000, 0x0000000091700000, 0x0000000091800000|  0%| F|  |TAMS 0x0000000091700000, 0x0000000091700000| Untracked 
| 280|0x0000000091800000, 0x0000000091800000, 0x0000000091900000|  0%| F|  |TAMS 0x0000000091800000, 0x0000000091800000| Untracked 
| 281|0x0000000091900000, 0x0000000091900000, 0x0000000091a00000|  0%| F|  |TAMS 0x0000000091900000, 0x0000000091900000| Untracked 
| 282|0x0000000091a00000, 0x0000000091a00000, 0x0000000091b00000|  0%| F|  |TAMS 0x0000000091a00000, 0x0000000091a00000| Untracked 
| 283|0x0000000091b00000, 0x0000000091b00000, 0x0000000091c00000|  0%| F|  |TAMS 0x0000000091b00000, 0x0000000091b00000| Untracked 
| 284|0x0000000091c00000, 0x0000000091c00000, 0x0000000091d00000|  0%| F|  |TAMS 0x0000000091c00000, 0x0000000091c00000| Untracked 
| 285|0x0000000091d00000, 0x0000000091d00000, 0x0000000091e00000|  0%| F|  |TAMS 0x0000000091d00000, 0x0000000091d00000| Untracked 
| 286|0x0000000091e00000, 0x0000000091e00000, 0x0000000091f00000|  0%| F|  |TAMS 0x0000000091e00000, 0x0000000091e00000| Untracked 
| 287|0x0000000091f00000, 0x0000000091f00000, 0x0000000092000000|  0%| F|  |TAMS 0x0000000091f00000, 0x0000000091f00000| Untracked 
| 288|0x0000000092000000, 0x0000000092000000, 0x0000000092100000|  0%| F|  |TAMS 0x0000000092000000, 0x0000000092000000| Untracked 
| 289|0x0000000092100000, 0x0000000092100000, 0x0000000092200000|  0%| F|  |TAMS 0x0000000092100000, 0x0000000092100000| Untracked 
| 290|0x0000000092200000, 0x00000000922e79f8, 0x0000000092300000| 90%| E|  |TAMS 0x0000000092200000, 0x0000000092200000| Complete 
| 291|0x0000000092300000, 0x0000000092400000, 0x0000000092400000|100%| E|CS|TAMS 0x0000000092300000, 0x0000000092300000| Complete 
| 292|0x0000000092400000, 0x0000000092500000, 0x0000000092500000|100%| E|CS|TAMS 0x0000000092400000, 0x0000000092400000| Complete 
| 293|0x0000000092500000, 0x0000000092600000, 0x0000000092600000|100%| E|CS|TAMS 0x0000000092500000, 0x0000000092500000| Complete 
| 294|0x0000000092600000, 0x0000000092700000, 0x0000000092700000|100%| E|CS|TAMS 0x0000000092600000, 0x0000000092600000| Complete 
| 295|0x0000000092700000, 0x0000000092800000, 0x0000000092800000|100%| E|CS|TAMS 0x0000000092700000, 0x0000000092700000| Complete 
| 296|0x0000000092800000, 0x0000000092900000, 0x0000000092900000|100%| E|CS|TAMS 0x0000000092800000, 0x0000000092800000| Complete 
| 297|0x0000000092900000, 0x0000000092a00000, 0x0000000092a00000|100%| E|CS|TAMS 0x0000000092900000, 0x0000000092900000| Complete 
| 298|0x0000000092a00000, 0x0000000092b00000, 0x0000000092b00000|100%| E|CS|TAMS 0x0000000092a00000, 0x0000000092a00000| Complete 
| 299|0x0000000092b00000, 0x0000000092c00000, 0x0000000092c00000|100%| E|  |TAMS 0x0000000092b00000, 0x0000000092b00000| Complete 
| 300|0x0000000092c00000, 0x0000000092d00000, 0x0000000092d00000|100%| E|CS|TAMS 0x0000000092c00000, 0x0000000092c00000| Complete 
| 301|0x0000000092d00000, 0x0000000092e00000, 0x0000000092e00000|100%| E|CS|TAMS 0x0000000092d00000, 0x0000000092d00000| Complete 
| 302|0x0000000092e00000, 0x0000000092f00000, 0x0000000092f00000|100%| E|CS|TAMS 0x0000000092e00000, 0x0000000092e00000| Complete 
| 303|0x0000000092f00000, 0x0000000093000000, 0x0000000093000000|100%| E|CS|TAMS 0x0000000092f00000, 0x0000000092f00000| Complete 
| 304|0x0000000093000000, 0x0000000093100000, 0x0000000093100000|100%| E|CS|TAMS 0x0000000093000000, 0x0000000093000000| Complete 
| 305|0x0000000093100000, 0x0000000093200000, 0x0000000093200000|100%| E|CS|TAMS 0x0000000093100000, 0x0000000093100000| Complete 
| 306|0x0000000093200000, 0x0000000093300000, 0x0000000093300000|100%| E|CS|TAMS 0x0000000093200000, 0x0000000093200000| Complete 
| 307|0x0000000093300000, 0x0000000093400000, 0x0000000093400000|100%| E|CS|TAMS 0x0000000093300000, 0x0000000093300000| Complete 
| 308|0x0000000093400000, 0x0000000093500000, 0x0000000093500000|100%| E|CS|TAMS 0x0000000093400000, 0x0000000093400000| Complete 
| 309|0x0000000093500000, 0x0000000093600000, 0x0000000093600000|100%| E|CS|TAMS 0x0000000093500000, 0x0000000093500000| Complete 
| 310|0x0000000093600000, 0x0000000093700000, 0x0000000093700000|100%| E|CS|TAMS 0x0000000093600000, 0x0000000093600000| Complete 
| 311|0x0000000093700000, 0x0000000093800000, 0x0000000093800000|100%| E|CS|TAMS 0x0000000093700000, 0x0000000093700000| Complete 
| 312|0x0000000093800000, 0x0000000093900000, 0x0000000093900000|100%| E|CS|TAMS 0x0000000093800000, 0x0000000093800000| Complete 
| 313|0x0000000093900000, 0x0000000093a00000, 0x0000000093a00000|100%| E|CS|TAMS 0x0000000093900000, 0x0000000093900000| Complete 
| 314|0x0000000093a00000, 0x0000000093b00000, 0x0000000093b00000|100%| E|CS|TAMS 0x0000000093a00000, 0x0000000093a00000| Complete 
| 315|0x0000000093b00000, 0x0000000093c00000, 0x0000000093c00000|100%| S|CS|TAMS 0x0000000093b00000, 0x0000000093b00000| Complete 
| 316|0x0000000093c00000, 0x0000000093d00000, 0x0000000093d00000|100%| S|CS|TAMS 0x0000000093c00000, 0x0000000093c00000| Complete 
| 317|0x0000000093d00000, 0x0000000093e00000, 0x0000000093e00000|100%| E|CS|TAMS 0x0000000093d00000, 0x0000000093d00000| Complete 
| 318|0x0000000093e00000, 0x0000000093f00000, 0x0000000093f00000|100%| E|CS|TAMS 0x0000000093e00000, 0x0000000093e00000| Complete 
| 319|0x0000000093f00000, 0x0000000094000000, 0x0000000094000000|100%| E|CS|TAMS 0x0000000093f00000, 0x0000000093f00000| Complete 
| 320|0x0000000094000000, 0x0000000094100000, 0x0000000094100000|100%| E|CS|TAMS 0x0000000094000000, 0x0000000094000000| Complete 
| 321|0x0000000094100000, 0x0000000094200000, 0x0000000094200000|100%| E|CS|TAMS 0x0000000094100000, 0x0000000094100000| Complete 
| 322|0x0000000094200000, 0x0000000094300000, 0x0000000094300000|100%| E|CS|TAMS 0x0000000094200000, 0x0000000094200000| Complete 
| 323|0x0000000094300000, 0x0000000094400000, 0x0000000094400000|100%| E|CS|TAMS 0x0000000094300000, 0x0000000094300000| Complete 
| 324|0x0000000094400000, 0x0000000094500000, 0x0000000094500000|100%| E|CS|TAMS 0x0000000094400000, 0x0000000094400000| Complete 
| 325|0x0000000094500000, 0x0000000094600000, 0x0000000094600000|100%| E|CS|TAMS 0x0000000094500000, 0x0000000094500000| Complete 
| 326|0x0000000094600000, 0x0000000094700000, 0x0000000094700000|100%| E|CS|TAMS 0x0000000094600000, 0x0000000094600000| Complete 

Card table byte_map: [0x00000268f94a0000,0x00000268f98a0000] _byte_map_base: 0x00000268f90a0000

Marking Bits (Prev, Next): (CMBitMap*) 0x00000268f1a2c840, (CMBitMap*) 0x00000268f1a2c808
 Prev Bits: [0x00000268fbca0000, 0x00000268fdca0000)
 Next Bits: [0x00000268f9ca0000, 0x00000268fbca0000)

Polling page: 0x00000268ef8b0000

Metaspace:

Usage:
  Non-class:    162.79 MB capacity,   158.95 MB ( 98%) used,     3.26 MB (  2%) free+waste,   589.94 KB ( <1%) overhead. 
      Class:     26.09 MB capacity,    23.71 MB ( 91%) used,     2.11 MB (  8%) free+waste,   271.50 KB (  1%) overhead. 
       Both:    188.88 MB capacity,   182.66 MB ( 97%) used,     5.37 MB (  3%) free+waste,   861.44 KB ( <1%) overhead. 

Virtual space:
  Non-class space:      164.00 MB reserved,     162.83 MB (>99%) committed 
      Class space:      504.00 MB reserved,      26.20 MB (  5%) committed 
             Both:      668.00 MB reserved,     189.03 MB ( 28%) committed 

Chunk freelists:
   Non-Class:  0 bytes
       Class:  128 bytes
        Both:  128 bytes

CodeHeap 'non-profiled nmethods': size=120064Kb used=20341Kb max_used=20903Kb free=99722Kb
 bounds [0x0000026887ac0000, 0x0000026888f30000, 0x000002688f000000]
CodeHeap 'profiled nmethods': size=120000Kb used=52912Kb max_used=55096Kb free=67087Kb
 bounds [0x0000026880590000, 0x0000026883b90000, 0x0000026887ac0000]
CodeHeap 'non-nmethods': size=5696Kb used=2405Kb max_used=2441Kb free=3291Kb
 bounds [0x0000026880000000, 0x0000026880280000, 0x0000026880590000]
 total_blobs=25246 nmethods=24193 adapters=963
 compilation: enabled
              stopped_count=0, restarted_count=0
 full_count=0

Compilation events (10 events):
Event: 16886.141 Thread 0x000002688fb04800 28936       3       com.android.tools.r8.internal.oH::a (75 bytes)
Event: 16886.142 Thread 0x000002688fb04800 nmethod 28936 0x00000268806bde90 code [0x00000268806be0e0, 0x00000268806be9a8]
Event: 16886.142 Thread 0x000002688fb04800 28937       3       com.android.tools.r8.graph.y2::b (19 bytes)
Event: 16886.142 Thread 0x000002688fb04800 nmethod 28937 0x0000026880688690 code [0x0000026880688860, 0x0000026880688c88]
Event: 16886.153 Thread 0x000002688fb03800 nmethod 28930 0x0000026887bb9810 code [0x0000026887bb99a0, 0x0000026887bb9dd8]
Event: 16886.153 Thread 0x000002688fb03800 28931       4       jdk.internal.loader.URLClassPath::getResource (74 bytes)
Event: 16886.314 Thread 0x000002688fb04800 28941       1       java.net.AbstractPlainSocketImpl::getTimeout (5 bytes)
Event: 16886.314 Thread 0x000002688fb04800 nmethod 28941 0x0000026887bb9410 code [0x0000026887bb95a0, 0x0000026887bb9658]
Event: 16886.329 Thread 0x000002688fb04800 28942       2       java.util.zip.ZipFile$InflaterCleanupAction::run (12 bytes)
Event: 16886.329 Thread 0x000002688fb04800 nmethod 28942 0x0000026880636c10 code [0x0000026880636da0, 0x0000026880636ec8]

GC Heap History (10 events):
Event: 16872.619 GC heap before
{Heap before GC invocations=173 (full 0):
 garbage-first heap   total 334848K, used 280035K [0x0000000080000000, 0x0000000100000000)
  region size 1024K, 66 young (67584K), 9 survivors (9216K)
 Metaspace       used 176624K, capacity 182563K, committed 182684K, reserved 673792K
  class space    used 22716K, capacity 25055K, committed 25164K, reserved 516096K
}
Event: 16872.646 GC heap after
{Heap after GC invocations=174 (full 0):
 garbage-first heap   total 334848K, used 224664K [0x0000000080000000, 0x0000000100000000)
  region size 1024K, 7 young (7168K), 7 survivors (7168K)
 Metaspace       used 176624K, capacity 182563K, committed 182684K, reserved 673792K
  class space    used 22716K, capacity 25055K, committed 25164K, reserved 516096K
}
Event: 16874.539 GC heap before
{Heap before GC invocations=175 (full 0):
 garbage-first heap   total 334848K, used 280984K [0x0000000080000000, 0x0000000100000000)
  region size 1024K, 63 young (64512K), 7 survivors (7168K)
 Metaspace       used 178908K, capacity 184900K, committed 184988K, reserved 675840K
  class space    used 23063K, capacity 25353K, committed 25420K, reserved 516096K
}
Event: 16874.555 GC heap after
{Heap after GC invocations=176 (full 0):
 garbage-first heap   total 334848K, used 226910K [0x0000000080000000, 0x0000000100000000)
  region size 1024K, 4 young (4096K), 4 survivors (4096K)
 Metaspace       used 178908K, capacity 184900K, committed 184988K, reserved 675840K
  class space    used 23063K, capacity 25353K, committed 25420K, reserved 516096K
}
Event: 16877.604 GC heap before
{Heap before GC invocations=176 (full 0):
 garbage-first heap   total 334848K, used 264798K [0x0000000080000000, 0x0000000100000000)
  region size 1024K, 43 young (44032K), 4 survivors (4096K)
 Metaspace       used 180082K, capacity 186079K, committed 186268K, reserved 677888K
  class space    used 23251K, capacity 25538K, committed 25676K, reserved 516096K
}
Event: 16877.619 GC heap after
{Heap after GC invocations=177 (full 0):
 garbage-first heap   total 334848K, used 230227K [0x0000000080000000, 0x0000000100000000)
  region size 1024K, 7 young (7168K), 7 survivors (7168K)
 Metaspace       used 180082K, capacity 186079K, committed 186268K, reserved 677888K
  class space    used 23251K, capacity 25538K, committed 25676K, reserved 516096K
}
Event: 16883.787 GC heap before
{Heap before GC invocations=178 (full 0):
 garbage-first heap   total 334848K, used 284499K [0x0000000080000000, 0x0000000100000000)
  region size 1024K, 58 young (59392K), 7 survivors (7168K)
 Metaspace       used 179961K, capacity 185972K, committed 186268K, reserved 677888K
  class space    used 23255K, capacity 25564K, committed 25676K, reserved 516096K
}
Event: 16883.803 GC heap after
{Heap after GC invocations=179 (full 0):
 garbage-first heap   total 334848K, used 233855K [0x0000000080000000, 0x0000000100000000)
  region size 1024K, 6 young (6144K), 6 survivors (6144K)
 Metaspace       used 179961K, capacity 185972K, committed 186268K, reserved 677888K
  class space    used 23255K, capacity 25564K, committed 25676K, reserved 516096K
}
Event: 16884.226 GC heap before
{Heap before GC invocations=179 (full 0):
 garbage-first heap   total 334848K, used 244095K [0x0000000080000000, 0x0000000100000000)
  region size 1024K, 16 young (16384K), 6 survivors (6144K)
 Metaspace       used 180461K, capacity 186516K, committed 186780K, reserved 677888K
  class space    used 23333K, capacity 25639K, committed 25676K, reserved 516096K
}
Event: 16884.247 GC heap after
{Heap after GC invocations=180 (full 0):
 garbage-first heap   total 334848K, used 227865K [0x0000000080000000, 0x0000000100000000)
  region size 1024K, 2 young (2048K), 2 survivors (2048K)
 Metaspace       used 180461K, capacity 186516K, committed 186780K, reserved 677888K
  class space    used 23333K, capacity 25639K, committed 25676K, reserved 516096K
}

Deoptimization events (10 events):
Event: 16883.978 Thread 0x0000026891df2000 Uncommon trap: reason=unstable_if action=reinterpret pc=0x0000026888f19f40 method=com.android.tools.r8.utils.D.a(Ljava/lang/String;)Z @ 12 c2
Event: 16884.091 Thread 0x0000026891df2000 Uncommon trap: reason=unstable_if action=reinterpret pc=0x000002688854e958 method=java.util.concurrent.ConcurrentHashMap.putVal(Ljava/lang/Object;Ljava/lang/Object;Z)Ljava/lang/Object; @ 162 c2
Event: 16884.091 Thread 0x0000026891df2000 Uncommon trap: reason=unstable_if action=reinterpret pc=0x000002688856dc40 method=com.google.common.collect.MapMakerInternalMap$Segment.getEntry(Ljava/lang/Object;I)Lcom/google/common/collect/MapMakerInternalMap$InternalEntry; @ 63 c2
Event: 16884.092 Thread 0x0000026891df2000 Uncommon trap: reason=unstable_if action=reinterpret pc=0x00000268880aba30 method=com.google.common.collect.MapMakerInternalMap$Segment.put(Ljava/lang/Object;ILjava/lang/Object;Z)Ljava/lang/Object; @ 92 c2
Event: 16884.093 Thread 0x0000026891df2000 Uncommon trap: reason=unstable_if action=reinterpret pc=0x000002688856a10c method=com.google.common.collect.MapMakerInternalMap$Segment.getEntry(Ljava/lang/Object;I)Lcom/google/common/collect/MapMakerInternalMap$InternalEntry; @ 63 c2
Event: 16884.093 Thread 0x0000026891df2000 Uncommon trap: reason=unstable_if action=reinterpret pc=0x00000268880a53dc method=com.google.common.collect.MapMakerInternalMap$Segment.put(Ljava/lang/Object;ILjava/lang/Object;Z)Ljava/lang/Object; @ 92 c2
Event: 16884.212 Thread 0x0000026891df2000 Uncommon trap: reason=unstable_if action=reinterpret pc=0x0000026887c24a70 method=java.util.zip.ZipFile.getInputStream(Ljava/util/zip/ZipEntry;)Ljava/io/InputStream; @ 150 c2
Event: 16884.494 Thread 0x0000026891df2000 Uncommon trap: reason=unstable_if action=reinterpret pc=0x0000026888571290 method=com.google.common.collect.MapMakerInternalMap$Segment.getEntry(Ljava/lang/Object;I)Lcom/google/common/collect/MapMakerInternalMap$InternalEntry; @ 63 c2
Event: 16884.559 Thread 0x0000026891df2000 Uncommon trap: reason=unstable_if action=reinterpret pc=0x0000026888452da8 method=java.util.stream.StreamOpFlag.getMask(I)I @ 1 c2
Event: 16884.747 Thread 0x0000026891df2000 Uncommon trap: reason=unstable_if action=reinterpret pc=0x0000026888639744 method=com.google.common.collect.MapMakerInternalMap$Segment.getEntry(Ljava/lang/Object;I)Lcom/google/common/collect/MapMakerInternalMap$InternalEntry; @ 63 c2

Classes redefined (0 events):
No events

Internal exceptions (10 events):
Event: 16885.477 Thread 0x0000026891df2000 Exception <a 'java/lang/IncompatibleClassChangeError'{0x00000000931101f0}: Found class java.lang.Object, but interface was expected> (0x00000000931101f0) thrown at [./open/src/hotspot/share/interpreter/linkResolver.cpp, line 838]
Event: 16885.971 Thread 0x0000026891df2000 Exception <a 'java/lang/NoSuchMethodError'{0x0000000092a7c4b8}: java.lang.invoke.DirectMethodHandle$Holder.invokeStatic(Ljava/lang/Object;ILjava/lang/Object;Ljava/lang/Object;)Ljava/lang/Object;> (0x0000000092a7c4b8) thrown at [./open/src/hotspot/share/in
Event: 16886.021 Thread 0x00000268a0bec000 Exception <a 'java/lang/NoSuchMethodError'{0x000000009286f880}: static Lorg/jetbrains/kotlin/daemon/common/LoopbackNetworkInterface$AbstractClientLoopbackSocketFactory;.<clinit>()V> (0x000000009286f880) thrown at [./open/src/hotspot/share/prims/jni.cpp, l
Event: 16886.022 Thread 0x00000268a0bec000 Exception <a 'java/lang/NoSuchMethodError'{0x000000009287c328}: static Lorg/jetbrains/kotlin/daemon/common/LoopbackNetworkInterface$ClientLoopbackSocketFactory;.<clinit>()V> (0x000000009287c328) thrown at [./open/src/hotspot/share/prims/jni.cpp, line 1366
Event: 16886.313 Thread 0x000002689b571000 Exception <a 'java/lang/InterruptedException'{0x000000009259a250}> (0x000000009259a250) thrown at [./open/src/hotspot/share/runtime/objectMonitor.cpp, line 1635]
Event: 16886.318 Thread 0x00000268a0bec000 Exception <a 'java/lang/NoSuchMethodError'{0x00000000925bec50}: static Lorg/jetbrains/kotlin/daemon/common/CompileService$CallResult;.<clinit>()V> (0x00000000925bec50) thrown at [./open/src/hotspot/share/prims/jni.cpp, line 1366]
Event: 16886.319 Thread 0x00000268a0bec000 Exception <a 'java/lang/NoSuchMethodError'{0x00000000925cad98}: static Lorg/jetbrains/kotlin/daemon/common/CompileService$CallResult$Good;.<clinit>()V> (0x00000000925cad98) thrown at [./open/src/hotspot/share/prims/jni.cpp, line 1366]
Event: 16886.320 Thread 0x00000268a0bec000 Exception <a 'java/lang/NoSuchMethodError'{0x00000000925d79c0}: static Lorg/jetbrains/kotlin/daemon/common/DaemonJVMOptions;.<clinit>()V> (0x00000000925d79c0) thrown at [./open/src/hotspot/share/prims/jni.cpp, line 1366]
Event: 16886.341 Thread 0x0000026891df2000 Exception <a 'java/lang/IncompatibleClassChangeError'{0x0000000092417d80}: Found class java.lang.Object, but interface was expected> (0x0000000092417d80) thrown at [./open/src/hotspot/share/interpreter/linkResolver.cpp, line 838]
Event: 16886.342 Thread 0x0000026891df2000 Exception <a 'java/lang/IncompatibleClassChangeError'{0x0000000092420be0}: Found class java.lang.Object, but interface was expected> (0x0000000092420be0) thrown at [./open/src/hotspot/share/interpreter/linkResolver.cpp, line 838]

Events (10 events):
Event: 16886.360 loading class com/android/tools/r8/internal/lH
Event: 16886.360 loading class com/android/tools/r8/internal/lH done
Event: 16886.361 loading class com/android/tools/r8/internal/sG
Event: 16886.361 loading class com/android/tools/r8/internal/sG done
Event: 16886.362 loading class com/android/tools/r8/internal/Oe
Event: 16886.362 loading class com/android/tools/r8/internal/Oe done
Event: 16886.363 loading class com/android/tools/r8/internal/Se
Event: 16886.363 loading class com/android/tools/r8/internal/Se done
Event: 16886.363 loading class com/android/tools/r8/internal/Pe
Event: 16886.363 loading class com/android/tools/r8/internal/Pe done


Dynamic libraries:
0x00007ff71f9f0000 - 0x00007ff71f9ff000 	C:\Program Files\Java\jdk-11.0.16.1\bin\java.exe
0x00007ff9bcc90000 - 0x00007ff9bce88000 	C:\WINDOWS\SYSTEM32\ntdll.dll
0x00007ff9bae80000 - 0x00007ff9baf3f000 	C:\WINDOWS\System32\KERNEL32.DLL
0x00007ff9ba720000 - 0x00007ff9ba9fa000 	C:\WINDOWS\System32\KERNELBASE.dll
0x00007ff9baab0000 - 0x00007ff9babb0000 	C:\WINDOWS\System32\ucrtbase.dll
0x00007ff9b5aa0000 - 0x00007ff9b5ab8000 	C:\Program Files\Java\jdk-11.0.16.1\bin\jli.dll
0x00007ff9bbc20000 - 0x00007ff9bbcce000 	C:\WINDOWS\System32\ADVAPI32.dll
0x00007ff9bbb80000 - 0x00007ff9bbc1e000 	C:\WINDOWS\System32\msvcrt.dll
0x00007ff9bbe40000 - 0x00007ff9bbedc000 	C:\WINDOWS\System32\sechost.dll
0x00007ff9bba50000 - 0x00007ff9bbb76000 	C:\WINDOWS\System32\RPCRT4.dll
0x00007ff9bca50000 - 0x00007ff9bcbed000 	C:\WINDOWS\System32\USER32.dll
0x00007ff9ba600000 - 0x00007ff9ba622000 	C:\WINDOWS\System32\win32u.dll
0x00007ff9bbf50000 - 0x00007ff9bbf7b000 	C:\WINDOWS\System32\GDI32.dll
0x00007ff9babe0000 - 0x00007ff9bacf0000 	C:\WINDOWS\System32\gdi32full.dll
0x00007ff9ba630000 - 0x00007ff9ba6cd000 	C:\WINDOWS\System32\msvcp_win.dll
0x00007ff9abec0000 - 0x00007ff9ac15a000 	C:\WINDOWS\WinSxS\amd64_microsoft.windows.common-controls_6595b64144ccf1df_6.0.19041.1110_none_60b5254171f9507e\COMCTL32.dll
0x00007ff9b2840000 - 0x00007ff9b284a000 	C:\WINDOWS\SYSTEM32\VERSION.dll
0x00007ff9b4d60000 - 0x00007ff9b4d75000 	C:\Program Files\Java\jdk-11.0.16.1\bin\VCRUNTIME140.dll
0x00007ff9bc9c0000 - 0x00007ff9bc9f0000 	C:\WINDOWS\System32\IMM32.DLL
0x00007ff993ea0000 - 0x00007ff993f3b000 	C:\Program Files\Java\jdk-11.0.16.1\bin\msvcp140.dll
0x00007ff977260000 - 0x00007ff977d78000 	C:\Program Files\Java\jdk-11.0.16.1\bin\server\jvm.dll
0x00007ff9bae70000 - 0x00007ff9bae78000 	C:\WINDOWS\System32\PSAPI.DLL
0x00007ff9b8ae0000 - 0x00007ff9b8ae9000 	C:\WINDOWS\SYSTEM32\WSOCK32.dll
0x00007ff9bb9e0000 - 0x00007ff9bba4b000 	C:\WINDOWS\System32\WS2_32.dll
0x00007ff9ad240000 - 0x00007ff9ad267000 	C:\WINDOWS\SYSTEM32\WINMM.dll
0x00007ff9b8bf0000 - 0x00007ff9b8c02000 	C:\WINDOWS\SYSTEM32\kernel.appcore.dll
0x00007ff9b4e70000 - 0x00007ff9b4e80000 	C:\Program Files\Java\jdk-11.0.16.1\bin\verify.dll
0x00007ff9b88c0000 - 0x00007ff9b8aa4000 	C:\WINDOWS\SYSTEM32\DBGHELP.DLL
0x00007ff9a75e0000 - 0x00007ff9a7614000 	C:\WINDOWS\SYSTEM32\dbgcore.DLL
0x00007ff9ba570000 - 0x00007ff9ba5f2000 	C:\WINDOWS\System32\bcryptPrimitives.dll
0x00007ff9b2fd0000 - 0x00007ff9b2ff8000 	C:\Program Files\Java\jdk-11.0.16.1\bin\java.dll
0x00007ff9b4dc0000 - 0x00007ff9b4dca000 	C:\Program Files\Java\jdk-11.0.16.1\bin\jimage.dll
0x00007ff9b2c70000 - 0x00007ff9b2c86000 	C:\Program Files\Java\jdk-11.0.16.1\bin\zip.dll
0x00007ff9bc250000 - 0x00007ff9bc994000 	C:\WINDOWS\System32\SHELL32.dll
0x00007ff9b8120000 - 0x00007ff9b88b3000 	C:\WINDOWS\SYSTEM32\windows.storage.dll
0x00007ff9bb680000 - 0x00007ff9bb9d4000 	C:\WINDOWS\System32\combase.dll
0x00007ff9b9d20000 - 0x00007ff9b9d4e000 	C:\WINDOWS\SYSTEM32\Wldp.dll
0x00007ff9badc0000 - 0x00007ff9bae6d000 	C:\WINDOWS\System32\SHCORE.dll
0x00007ff9bc9f0000 - 0x00007ff9bca45000 	C:\WINDOWS\System32\shlwapi.dll
0x00007ff9ba2e0000 - 0x00007ff9ba2ff000 	C:\WINDOWS\SYSTEM32\profapi.dll
0x00007ff9b2af0000 - 0x00007ff9b2b09000 	C:\Program Files\Java\jdk-11.0.16.1\bin\net.dll
0x00007ff9ade20000 - 0x00007ff9adf2a000 	C:\WINDOWS\SYSTEM32\WINHTTP.dll
0x00007ff9b9a80000 - 0x00007ff9b9aea000 	C:\WINDOWS\system32\mswsock.dll
0x00007ff9b2aa0000 - 0x00007ff9b2ab2000 	C:\Program Files\Java\jdk-11.0.16.1\bin\nio.dll
0x00007ff9a9410000 - 0x00007ff9a9437000 	C:\Users\Admin\.gradle\native\e1d6ef7f7dcc3fd88c89a11ec53ec762bb8ba0a96d01ffa2cd45eb1d1d8dd5c5\windows-amd64\native-platform.dll
0x00007ff98dbc0000 - 0x00007ff98dd04000 	C:\Users\Admin\.gradle\native\0d407fdbe67a94daf76414ababcb853783967236a71b16ec16e742cd7a986fd3\windows-amd64\native-platform-file-events.dll
0x00007ff9b41e0000 - 0x00007ff9b41e9000 	C:\Program Files\Java\jdk-11.0.16.1\bin\management.dll
0x00007ff9b3410000 - 0x00007ff9b341b000 	C:\Program Files\Java\jdk-11.0.16.1\bin\management_ext.dll
0x00007ff9b9c80000 - 0x00007ff9b9c98000 	C:\WINDOWS\SYSTEM32\CRYPTSP.dll
0x00007ff9b93a0000 - 0x00007ff9b93d4000 	C:\WINDOWS\system32\rsaenh.dll
0x00007ff9babb0000 - 0x00007ff9babd7000 	C:\WINDOWS\System32\bcrypt.dll
0x00007ff9ba2a0000 - 0x00007ff9ba2ce000 	C:\WINDOWS\SYSTEM32\USERENV.dll
0x00007ff9b9c70000 - 0x00007ff9b9c7c000 	C:\WINDOWS\SYSTEM32\CRYPTBASE.dll
0x00007ff9b9770000 - 0x00007ff9b97ac000 	C:\WINDOWS\SYSTEM32\IPHLPAPI.DLL
0x00007ff9bbee0000 - 0x00007ff9bbee8000 	C:\WINDOWS\System32\NSI.dll
0x00007ff9ae070000 - 0x00007ff9ae087000 	C:\WINDOWS\SYSTEM32\dhcpcsvc6.DLL
0x00007ff9ae550000 - 0x00007ff9ae56d000 	C:\WINDOWS\SYSTEM32\dhcpcsvc.DLL
0x00007ff9b97b0000 - 0x00007ff9b987b000 	C:\WINDOWS\SYSTEM32\DNSAPI.dll
0x00007ff9a93e0000 - 0x00007ff9a9405000 	C:\Program Files\Java\jdk-11.0.16.1\bin\sunec.dll
0x000000006dd80000 - 0x000000006dda6000 	C:\Program Files\Bonjour\mdnsNSP.dll
0x00007ff9accd0000 - 0x00007ff9accda000 	C:\Windows\System32\rasadhlp.dll
0x00007ff9acdf0000 - 0x00007ff9ace70000 	C:\WINDOWS\System32\fwpuclnt.dll
0x00007ff9b3080000 - 0x00007ff9b308d000 	C:\Program Files\Java\jdk-11.0.16.1\bin\sunmscapi.dll
0x00007ff9ba3a0000 - 0x00007ff9ba4f6000 	C:\WINDOWS\System32\CRYPT32.dll
0x00007ff9b9d90000 - 0x00007ff9b9db8000 	C:\WINDOWS\SYSTEM32\ncrypt.dll
0x00007ff9b9d50000 - 0x00007ff9b9d8b000 	C:\WINDOWS\SYSTEM32\NTASN1.dll
0x00007ff9b42f0000 - 0x00007ff9b430e000 	C:\Users\Admin\AppData\Local\Temp\native-platform9676045460085842674dir\native-platform.dll
0x00007ff9b42e0000 - 0x00007ff9b42e7000 	C:\Program Files\Java\jdk-11.0.16.1\bin\rmi.dll
0x00007ff9b94c0000 - 0x00007ff9b94f3000 	C:\WINDOWS\SYSTEM32\ntmarta.dll
0x00007ff9b1e00000 - 0x00007ff9b1e1e000 	C:\Users\Admin\AppData\Local\Temp\native-platform9402399924656196826dir\native-platform.dll
0x00007ff9b1de0000 - 0x00007ff9b1dfe000 	C:\Users\Admin\AppData\Local\Temp\native-platform5690047797901686305dir\native-platform.dll
0x00007ff9b1c90000 - 0x00007ff9b1cae000 	C:\Users\Admin\AppData\Local\Temp\native-platform5426352913500386449dir\native-platform.dll

dbghelp: loaded successfully - version: 4.0.5 - missing functions: none
symbol engine: initialized successfully - sym options: 0x614 - pdb path: .;C:\Program Files\Java\jdk-11.0.16.1\bin;C:\WINDOWS\SYSTEM32;C:\WINDOWS\WinSxS\amd64_microsoft.windows.common-controls_6595b64144ccf1df_6.0.19041.1110_none_60b5254171f9507e;C:\Program Files\Java\jdk-11.0.16.1\bin\server;C:\Users\Admin\.gradle\native\e1d6ef7f7dcc3fd88c89a11ec53ec762bb8ba0a96d01ffa2cd45eb1d1d8dd5c5\windows-amd64;C:\Users\Admin\.gradle\native\0d407fdbe67a94daf76414ababcb853783967236a71b16ec16e742cd7a986fd3\windows-amd64;C:\Program Files\Bonjour;C:\Users\Admin\AppData\Local\Temp\native-platform9676045460085842674dir;C:\Users\Admin\AppData\Local\Temp\native-platform9402399924656196826dir;C:\Users\Admin\AppData\Local\Temp\native-platform5690047797901686305dir;C:\Users\Admin\AppData\Local\Temp\native-platform5426352913500386449dir

VM Arguments:
jvm_args: -XX:MaxMetaspaceSize=512m --add-opens=java.base/java.util=ALL-UNNAMED --add-opens=java.base/java.lang=ALL-UNNAMED --add-opens=java.base/java.lang.invoke=ALL-UNNAMED --add-opens=java.base/java.util=ALL-UNNAMED --add-opens=java.prefs/java.util.prefs=ALL-UNNAMED --add-opens=java.prefs/java.util.prefs=ALL-UNNAMED --add-opens=java.base/java.nio.charset=ALL-UNNAMED --add-opens=java.base/java.net=ALL-UNNAMED --add-opens=java.base/java.util.concurrent.atomic=ALL-UNNAMED -Xmx2048m -Dfile.encoding=windows-1252 -Duser.country=US -Duser.language=en -Duser.variant 
java_command: org.gradle.launcher.daemon.bootstrap.GradleDaemon 7.5.1
java_class_path (initial): C:\Users\Admin\.gradle\wrapper\dists\gradle-7.5.1-all\1ehga6e77gqps5uk2kc5kf1vc\gradle-7.5.1\lib\gradle-launcher-7.5.1.jar
Launcher Type: SUN_STANDARD

[Global flags]
     intx CICompilerCount                          = 3                                         {product} {ergonomic}
   size_t CompressedClassSpaceSize                 = 528482304                                 {product} {ergonomic}
     uint ConcGCThreads                            = 1                                         {product} {ergonomic}
     uint G1ConcRefinementThreads                  = 4                                         {product} {ergonomic}
   size_t G1HeapRegionSize                         = 1048576                                   {product} {ergonomic}
    uintx GCDrainStackTargetSize                   = 64                                        {product} {ergonomic}
   size_t InitialHeapSize                          = 134217728                                 {product} {ergonomic}
   size_t MarkStackSize                            = 4194304                                   {product} {ergonomic}
   size_t MaxHeapSize                              = 2147483648                                {product} {command line}
   size_t MaxMetaspaceSize                         = 536870912                                 {product} {command line}
   size_t MaxNewSize                               = 1287651328                                {product} {ergonomic}
   size_t MinHeapDeltaBytes                        = 1048576                                   {product} {ergonomic}
    uintx NonNMethodCodeHeapSize                   = 5830732                                {pd product} {ergonomic}
    uintx NonProfiledCodeHeapSize                  = 122913754                              {pd product} {ergonomic}
    uintx ProfiledCodeHeapSize                     = 122913754                              {pd product} {ergonomic}
    uintx ReservedCodeCacheSize                    = 251658240                              {pd product} {ergonomic}
     bool SegmentedCodeCache                       = true                                      {product} {ergonomic}
     bool UseCompressedClassPointers               = true                                 {lp64_product} {ergonomic}
     bool UseCompressedOops                        = true                                 {lp64_product} {ergonomic}
     bool UseG1GC                                  = true                                      {product} {ergonomic}
     bool UseLargePagesIndividualAllocation        = false                                  {pd product} {ergonomic}

Logging:
Log output configuration:
 #0: stdout all=warning uptime,level,tags
 #1: stderr all=off uptime,level,tags

Environment Variables:
JAVA_HOME=C:\Program Files\Java\jdk-11.0.16.1
CLASSPATH=D:\Workspace\JustDeliveryy\android\\gradle\wrapper\gradle-wrapper.jar
PATH=D:\Workspace\JustDeliveryy\android\node_modules\.bin;D:\Workspace\JustDeliveryy\node_modules\.bin;D:\Workspace\node_modules\.bin;D:\node_modules\.bin;C:\Program Files\nodejs;C:\Users\Admin\AppData\Local\Temp\yarn--1683772715766-0.35597879344949046;D:\Workspace\JustDeliveryy\node_modules\.bin;C:\Users\Admin\AppData\Local\Yarn\Data\link\node_modules\.bin;C:\Users\Admin\AppData\Local\Yarn\bin;C:\Program Files\libexec\lib\node_modules\npm\bin\node-gyp-bin;C:\Program Files\lib\node_modules\npm\bin\node-gyp-bin;C:\Program Files\nodejs\node_modules\npm\bin\node-gyp-bin;C:\Program Files\Microsoft\jdk-11.0.18.10-hotspot\bin;C:\Program Files\Common Files\Oracle\Java\javapath;C:\WINDOWS\system32;C:\WINDOWS;C:\WINDOWS\System32\Wbem;C:\WINDOWS\System32\WindowsPowerShell\v1.0\;C:\WINDOWS\System32\OpenSSH\;C:\Program Files\dotnet\;C:\Program Files\nodejs\;C:\ProgramData\chocolatey\bin;C:\Program Files\Git\cmd;C:\Users\Admin\.console-ninja\.bin;C:\Users\Admin\AppData\Local\Android\Sdk\platform-tools;C:\Users\Admin\AppData\Local\Microsoft\WindowsApps;C:\Users\Admin\AppData\Local\Android\Sdk\platform-tools;C:\Users\Admin\AppData\Roaming\npm;C:\Users\Admin\AppData\Local\Programs\Microsoft VS Code\bin
USERNAME=Admin
OS=Windows_NT
PROCESSOR_IDENTIFIER=Intel64 Family 6 Model 61 Stepping 4, GenuineIntel



---------------  S Y S T E M  ---------------

OS: Windows 10 , 64 bit Build 19041 (10.0.19041.2788)

CPU:total 4 (initial active 4) (2 cores per cpu, 2 threads per core) family 6 model 61 stepping 4 microcode 0x2d, cmov, cx8, fxsr, mmx, sse, sse2, sse3, ssse3, sse4.1, sse4.2, popcnt, avx, avx2, aes, clmul, erms, 3dnowpref, lzcnt, ht, tsc, tscinvbit, bmi1, bmi2, adx, fma

Memory: 4k page, system-wide physical 8107M (664M free)
TotalPageFile size 11054M (AvailPageFile size 3M)
current process WorkingSet (physical memory assigned to process): 702M, peak: 725M
current process commit charge ("private bytes"): 823M, peak: 844M

vm_info: Java HotSpot(TM) 64-Bit Server VM (11.0.16.1+1-LTS-1) for windows-amd64 JRE (11.0.16.1+1-LTS-1), built on Aug 16 2022 01:46:01 by "mach5one" with MS VC++ 15.9 (VS2017)

END.
